{"/Users/daniel/workspace/jhipster-quarkus/generators/client/index.js":{"path":"/Users/daniel/workspace/jhipster-quarkus/generators/client/index.js","statementMap":{"0":{"start":{"line":2,"column":14},"end":{"line":2,"column":30}},"1":{"start":{"line":3,"column":24},"end":{"line":3,"column":71}},"2":{"start":{"line":4,"column":19},"end":{"line":4,"column":48}},"3":{"start":{"line":6,"column":0},"end":{"line":113,"column":2}},"4":{"start":{"line":8,"column":8},"end":{"line":8,"column":54}},"5":{"start":{"line":10,"column":27},"end":{"line":10,"column":78}},"6":{"start":{"line":12,"column":8},"end":{"line":14,"column":9}},"7":{"start":{"line":13,"column":12},"end":{"line":13,"column":132}},"8":{"start":{"line":16,"column":8},"end":{"line":16,"column":59}},"9":{"start":{"line":19,"column":8},"end":{"line":19,"column":54}},"10":{"start":{"line":60,"column":8},"end":{"line":60,"column":37}},"11":{"start":{"line":79,"column":8},"end":{"line":79,"column":34}},"12":{"start":{"line":84,"column":8},"end":{"line":84,"column":36}},"13":{"start":{"line":89,"column":8},"end":{"line":89,"column":32}},"14":{"start":{"line":95,"column":34},"end":{"line":95,"column":50}},"15":{"start":{"line":96,"column":33},"end":{"line":100,"column":9}},"16":{"start":{"line":98,"column":16},"end":{"line":98,"column":38}},"17":{"start":{"line":101,"column":8},"end":{"line":101,"column":66}},"18":{"start":{"line":106,"column":8},"end":{"line":106,"column":32}},"19":{"start":{"line":111,"column":8},"end":{"line":111,"column":28}}},"fnMap":{"0":{"name":"(anonymous_0)","decl":{"start":{"line":7,"column":4},"end":{"line":7,"column":5}},"loc":{"start":{"line":7,"column":28},"end":{"line":20,"column":5}},"line":7},"1":{"name":"(anonymous_1)","decl":{"start":{"line":22,"column":4},"end":{"line":22,"column":5}},"loc":{"start":{"line":22,"column":23},"end":{"line":61,"column":5}},"line":22},"2":{"name":"(anonymous_2)","decl":{"start":{"line":63,"column":4},"end":{"line":63,"column":5}},"loc":{"start":{"line":63,"column":20},"end":{"line":80,"column":5}},"line":63},"3":{"name":"(anonymous_3)","decl":{"start":{"line":82,"column":4},"end":{"line":82,"column":5}},"loc":{"start":{"line":82,"column":22},"end":{"line":85,"column":5}},"line":82},"4":{"name":"(anonymous_4)","decl":{"start":{"line":87,"column":4},"end":{"line":87,"column":5}},"loc":{"start":{"line":87,"column":18},"end":{"line":90,"column":5}},"line":87},"5":{"name":"(anonymous_5)","decl":{"start":{"line":92,"column":4},"end":{"line":92,"column":5}},"loc":{"start":{"line":92,"column":18},"end":{"line":102,"column":5}},"line":92},"6":{"name":"(anonymous_6)","decl":{"start":{"line":97,"column":12},"end":{"line":97,"column":13}},"loc":{"start":{"line":97,"column":34},"end":{"line":99,"column":13}},"line":97},"7":{"name":"(anonymous_7)","decl":{"start":{"line":104,"column":4},"end":{"line":104,"column":5}},"loc":{"start":{"line":104,"column":18},"end":{"line":107,"column":5}},"line":104},"8":{"name":"(anonymous_8)","decl":{"start":{"line":109,"column":4},"end":{"line":109,"column":5}},"loc":{"start":{"line":109,"column":14},"end":{"line":112,"column":5}},"line":109}},"branchMap":{"0":{"loc":{"start":{"line":12,"column":8},"end":{"line":14,"column":9}},"type":"if","locations":[{"start":{"line":12,"column":8},"end":{"line":14,"column":9}},{"start":{"line":12,"column":8},"end":{"line":14,"column":9}}],"line":12},"1":{"loc":{"start":{"line":16,"column":29},"end":{"line":16,"column":58}},"type":"binary-expr","locations":[{"start":{"line":16,"column":29},"end":{"line":16,"column":52}},{"start":{"line":16,"column":56},"end":{"line":16,"column":58}}],"line":16}},"s":{"0":1,"1":1,"2":1,"3":1,"4":1,"5":1,"6":1,"7":0,"8":1,"9":1,"10":1,"11":1,"12":1,"13":1,"14":1,"15":1,"16":1,"17":1,"18":1,"19":1},"f":{"0":1,"1":1,"2":1,"3":1,"4":1,"5":1,"6":1,"7":1,"8":1},"b":{"0":[0,1],"1":[1,0]},"_coverageSchema":"1a1c01bbd47fc00a2c39e90264f33305004495a9","hash":"845a9300d9b1ce65a14e279117918d6764d1e0c1","contentHash":"effd5f52d1fe0ba06b887d5c9d41b867bc9d2ea7c782ccef1f2ad2144d8c6301"},"/Users/daniel/workspace/jhipster-quarkus/generators/client/files.js":{"path":"/Users/daniel/workspace/jhipster-quarkus/generators/client/files.js","statementMap":{"0":{"start":{"line":1,"column":0},"end":{"line":3,"column":2}},"1":{"start":{"line":6,"column":4},"end":{"line":6,"column":41}}},"fnMap":{"0":{"name":"writeFiles","decl":{"start":{"line":5,"column":9},"end":{"line":5,"column":19}},"loc":{"start":{"line":5,"column":22},"end":{"line":7,"column":1}},"line":5}},"branchMap":{},"s":{"0":1,"1":1},"f":{"0":1},"b":{},"_coverageSchema":"1a1c01bbd47fc00a2c39e90264f33305004495a9","hash":"667ea3cb6e540dcfe97d81ba35d464f0dc1b7349","contentHash":"5b7fa56b94507bc7ec4c7dd2d5696d75299f4733d98e29fa8d260fb921ebab8c"},"/Users/daniel/workspace/jhipster-quarkus/generators/common/index.js":{"path":"/Users/daniel/workspace/jhipster-quarkus/generators/common/index.js","statementMap":{"0":{"start":{"line":2,"column":14},"end":{"line":2,"column":30}},"1":{"start":{"line":3,"column":24},"end":{"line":3,"column":71}},"2":{"start":{"line":5,"column":0},"end":{"line":92,"column":2}},"3":{"start":{"line":7,"column":8},"end":{"line":7,"column":54}},"4":{"start":{"line":9,"column":27},"end":{"line":9,"column":78}},"5":{"start":{"line":11,"column":8},"end":{"line":13,"column":9}},"6":{"start":{"line":12,"column":12},"end":{"line":12,"column":132}},"7":{"start":{"line":15,"column":8},"end":{"line":15,"column":59}},"8":{"start":{"line":18,"column":8},"end":{"line":18,"column":54}},"9":{"start":{"line":19,"column":8},"end":{"line":19,"column":54}},"10":{"start":{"line":60,"column":8},"end":{"line":60,"column":37}},"11":{"start":{"line":65,"column":8},"end":{"line":65,"column":34}},"12":{"start":{"line":70,"column":8},"end":{"line":70,"column":36}},"13":{"start":{"line":75,"column":8},"end":{"line":75,"column":32}},"14":{"start":{"line":80,"column":8},"end":{"line":80,"column":32}},"15":{"start":{"line":85,"column":8},"end":{"line":85,"column":32}},"16":{"start":{"line":90,"column":8},"end":{"line":90,"column":28}}},"fnMap":{"0":{"name":"(anonymous_0)","decl":{"start":{"line":6,"column":4},"end":{"line":6,"column":5}},"loc":{"start":{"line":6,"column":28},"end":{"line":20,"column":5}},"line":6},"1":{"name":"(anonymous_1)","decl":{"start":{"line":22,"column":4},"end":{"line":22,"column":5}},"loc":{"start":{"line":22,"column":23},"end":{"line":61,"column":5}},"line":22},"2":{"name":"(anonymous_2)","decl":{"start":{"line":63,"column":4},"end":{"line":63,"column":5}},"loc":{"start":{"line":63,"column":20},"end":{"line":66,"column":5}},"line":63},"3":{"name":"(anonymous_3)","decl":{"start":{"line":68,"column":4},"end":{"line":68,"column":5}},"loc":{"start":{"line":68,"column":22},"end":{"line":71,"column":5}},"line":68},"4":{"name":"(anonymous_4)","decl":{"start":{"line":73,"column":4},"end":{"line":73,"column":5}},"loc":{"start":{"line":73,"column":18},"end":{"line":76,"column":5}},"line":73},"5":{"name":"(anonymous_5)","decl":{"start":{"line":78,"column":4},"end":{"line":78,"column":5}},"loc":{"start":{"line":78,"column":18},"end":{"line":81,"column":5}},"line":78},"6":{"name":"(anonymous_6)","decl":{"start":{"line":83,"column":4},"end":{"line":83,"column":5}},"loc":{"start":{"line":83,"column":18},"end":{"line":86,"column":5}},"line":83},"7":{"name":"(anonymous_7)","decl":{"start":{"line":88,"column":4},"end":{"line":88,"column":5}},"loc":{"start":{"line":88,"column":14},"end":{"line":91,"column":5}},"line":88}},"branchMap":{"0":{"loc":{"start":{"line":11,"column":8},"end":{"line":13,"column":9}},"type":"if","locations":[{"start":{"line":11,"column":8},"end":{"line":13,"column":9}},{"start":{"line":11,"column":8},"end":{"line":13,"column":9}}],"line":11},"1":{"loc":{"start":{"line":15,"column":29},"end":{"line":15,"column":58}},"type":"binary-expr","locations":[{"start":{"line":15,"column":29},"end":{"line":15,"column":52}},{"start":{"line":15,"column":56},"end":{"line":15,"column":58}}],"line":15}},"s":{"0":1,"1":1,"2":1,"3":1,"4":1,"5":1,"6":0,"7":1,"8":1,"9":1,"10":1,"11":1,"12":1,"13":1,"14":1,"15":1,"16":1},"f":{"0":1,"1":1,"2":1,"3":1,"4":1,"5":1,"6":1,"7":1},"b":{"0":[0,1],"1":[1,0]},"_coverageSchema":"1a1c01bbd47fc00a2c39e90264f33305004495a9","hash":"dd09bf6be631599a96da1153f5b6ac6770dc95fb","contentHash":"484813a2d3adb6d01e0e631a412a99dad0bfbf926d7140b39dbf436b15875a54"},"/Users/daniel/workspace/jhipster-quarkus/generators/entity-client/index.js":{"path":"/Users/daniel/workspace/jhipster-quarkus/generators/entity-client/index.js","statementMap":{"0":{"start":{"line":2,"column":14},"end":{"line":2,"column":30}},"1":{"start":{"line":3,"column":30},"end":{"line":3,"column":84}},"2":{"start":{"line":5,"column":0},"end":{"line":84,"column":2}},"3":{"start":{"line":7,"column":8},"end":{"line":7,"column":54}},"4":{"start":{"line":9,"column":8},"end":{"line":11,"column":9}},"5":{"start":{"line":10,"column":12},"end":{"line":10,"column":132}},"6":{"start":{"line":52,"column":8},"end":{"line":52,"column":37}},"7":{"start":{"line":57,"column":8},"end":{"line":57,"column":34}},"8":{"start":{"line":62,"column":8},"end":{"line":62,"column":36}},"9":{"start":{"line":67,"column":8},"end":{"line":67,"column":32}},"10":{"start":{"line":72,"column":8},"end":{"line":72,"column":32}},"11":{"start":{"line":77,"column":8},"end":{"line":77,"column":32}},"12":{"start":{"line":82,"column":8},"end":{"line":82,"column":28}}},"fnMap":{"0":{"name":"(anonymous_0)","decl":{"start":{"line":6,"column":4},"end":{"line":6,"column":5}},"loc":{"start":{"line":6,"column":28},"end":{"line":12,"column":5}},"line":6},"1":{"name":"(anonymous_1)","decl":{"start":{"line":14,"column":4},"end":{"line":14,"column":5}},"loc":{"start":{"line":14,"column":23},"end":{"line":53,"column":5}},"line":14},"2":{"name":"(anonymous_2)","decl":{"start":{"line":55,"column":4},"end":{"line":55,"column":5}},"loc":{"start":{"line":55,"column":20},"end":{"line":58,"column":5}},"line":55},"3":{"name":"(anonymous_3)","decl":{"start":{"line":60,"column":4},"end":{"line":60,"column":5}},"loc":{"start":{"line":60,"column":22},"end":{"line":63,"column":5}},"line":60},"4":{"name":"(anonymous_4)","decl":{"start":{"line":65,"column":4},"end":{"line":65,"column":5}},"loc":{"start":{"line":65,"column":18},"end":{"line":68,"column":5}},"line":65},"5":{"name":"(anonymous_5)","decl":{"start":{"line":70,"column":4},"end":{"line":70,"column":5}},"loc":{"start":{"line":70,"column":18},"end":{"line":73,"column":5}},"line":70},"6":{"name":"(anonymous_6)","decl":{"start":{"line":75,"column":4},"end":{"line":75,"column":5}},"loc":{"start":{"line":75,"column":18},"end":{"line":78,"column":5}},"line":75},"7":{"name":"(anonymous_7)","decl":{"start":{"line":80,"column":4},"end":{"line":80,"column":5}},"loc":{"start":{"line":80,"column":14},"end":{"line":83,"column":5}},"line":80}},"branchMap":{"0":{"loc":{"start":{"line":9,"column":8},"end":{"line":11,"column":9}},"type":"if","locations":[{"start":{"line":9,"column":8},"end":{"line":11,"column":9}},{"start":{"line":9,"column":8},"end":{"line":11,"column":9}}],"line":9}},"s":{"0":1,"1":1,"2":1,"3":5,"4":5,"5":0,"6":5,"7":5,"8":5,"9":5,"10":5,"11":5,"12":5},"f":{"0":5,"1":5,"2":5,"3":5,"4":5,"5":5,"6":5,"7":5},"b":{"0":[0,5]},"_coverageSchema":"1a1c01bbd47fc00a2c39e90264f33305004495a9","hash":"6c9308eec868eadb6f9f59d1362b7a3b53f79dd2","contentHash":"edf2d369cec02f3917f51e849278d5d43e147f4b502eb13c49cf51445af3185d"},"/Users/daniel/workspace/jhipster-quarkus/generators/entity-i18n/index.js":{"path":"/Users/daniel/workspace/jhipster-quarkus/generators/entity-i18n/index.js","statementMap":{"0":{"start":{"line":2,"column":14},"end":{"line":2,"column":30}},"1":{"start":{"line":3,"column":28},"end":{"line":3,"column":80}},"2":{"start":{"line":5,"column":0},"end":{"line":84,"column":2}},"3":{"start":{"line":7,"column":8},"end":{"line":7,"column":54}},"4":{"start":{"line":9,"column":8},"end":{"line":11,"column":9}},"5":{"start":{"line":10,"column":12},"end":{"line":10,"column":132}},"6":{"start":{"line":52,"column":8},"end":{"line":52,"column":37}},"7":{"start":{"line":57,"column":8},"end":{"line":57,"column":34}},"8":{"start":{"line":62,"column":8},"end":{"line":62,"column":36}},"9":{"start":{"line":67,"column":8},"end":{"line":67,"column":32}},"10":{"start":{"line":72,"column":8},"end":{"line":72,"column":32}},"11":{"start":{"line":77,"column":8},"end":{"line":77,"column":32}},"12":{"start":{"line":82,"column":8},"end":{"line":82,"column":28}}},"fnMap":{"0":{"name":"(anonymous_0)","decl":{"start":{"line":6,"column":4},"end":{"line":6,"column":5}},"loc":{"start":{"line":6,"column":28},"end":{"line":12,"column":5}},"line":6},"1":{"name":"(anonymous_1)","decl":{"start":{"line":14,"column":4},"end":{"line":14,"column":5}},"loc":{"start":{"line":14,"column":23},"end":{"line":53,"column":5}},"line":14},"2":{"name":"(anonymous_2)","decl":{"start":{"line":55,"column":4},"end":{"line":55,"column":5}},"loc":{"start":{"line":55,"column":20},"end":{"line":58,"column":5}},"line":55},"3":{"name":"(anonymous_3)","decl":{"start":{"line":60,"column":4},"end":{"line":60,"column":5}},"loc":{"start":{"line":60,"column":22},"end":{"line":63,"column":5}},"line":60},"4":{"name":"(anonymous_4)","decl":{"start":{"line":65,"column":4},"end":{"line":65,"column":5}},"loc":{"start":{"line":65,"column":18},"end":{"line":68,"column":5}},"line":65},"5":{"name":"(anonymous_5)","decl":{"start":{"line":70,"column":4},"end":{"line":70,"column":5}},"loc":{"start":{"line":70,"column":18},"end":{"line":73,"column":5}},"line":70},"6":{"name":"(anonymous_6)","decl":{"start":{"line":75,"column":4},"end":{"line":75,"column":5}},"loc":{"start":{"line":75,"column":18},"end":{"line":78,"column":5}},"line":75},"7":{"name":"(anonymous_7)","decl":{"start":{"line":80,"column":4},"end":{"line":80,"column":5}},"loc":{"start":{"line":80,"column":14},"end":{"line":83,"column":5}},"line":80}},"branchMap":{"0":{"loc":{"start":{"line":9,"column":8},"end":{"line":11,"column":9}},"type":"if","locations":[{"start":{"line":9,"column":8},"end":{"line":11,"column":9}},{"start":{"line":9,"column":8},"end":{"line":11,"column":9}}],"line":9}},"s":{"0":1,"1":1,"2":1,"3":5,"4":5,"5":0,"6":5,"7":5,"8":5,"9":5,"10":5,"11":5,"12":5},"f":{"0":5,"1":5,"2":5,"3":5,"4":5,"5":5,"6":5,"7":5},"b":{"0":[0,5]},"_coverageSchema":"1a1c01bbd47fc00a2c39e90264f33305004495a9","hash":"2e0e3f9b9a391d4e3afc3390e54a6d71bbc80d47","contentHash":"517f49dd946d2207ae6363eb41a6c84112087821b2f5eb23becaf73d8471fe3e"},"/Users/daniel/workspace/jhipster-quarkus/generators/entity-server/index.js":{"path":"/Users/daniel/workspace/jhipster-quarkus/generators/entity-server/index.js","statementMap":{"0":{"start":{"line":2,"column":14},"end":{"line":2,"column":30}},"1":{"start":{"line":3,"column":30},"end":{"line":3,"column":84}},"2":{"start":{"line":4,"column":19},"end":{"line":4,"column":48}},"3":{"start":{"line":5,"column":16},"end":{"line":5,"column":36}},"4":{"start":{"line":6,"column":18},"end":{"line":6,"column":59}},"5":{"start":{"line":8,"column":0},"end":{"line":130,"column":2}},"6":{"start":{"line":10,"column":8},"end":{"line":10,"column":54}},"7":{"start":{"line":12,"column":8},"end":{"line":14,"column":9}},"8":{"start":{"line":13,"column":12},"end":{"line":13,"column":132}},"9":{"start":{"line":18,"column":34},"end":{"line":18,"column":55}},"10":{"start":{"line":19,"column":33},"end":{"line":28,"column":9}},"11":{"start":{"line":22,"column":16},"end":{"line":26,"column":17}},"12":{"start":{"line":23,"column":20},"end":{"line":23,"column":68}},"13":{"start":{"line":25,"column":20},"end":{"line":25,"column":96}},"14":{"start":{"line":29,"column":8},"end":{"line":29,"column":32}},"15":{"start":{"line":33,"column":34},"end":{"line":33,"column":52}},"16":{"start":{"line":34,"column":33},"end":{"line":50,"column":9}},"17":{"start":{"line":51,"column":8},"end":{"line":51,"column":32}},"18":{"start":{"line":55,"column":34},"end":{"line":55,"column":54}},"19":{"start":{"line":56,"column":33},"end":{"line":108,"column":9}},"20":{"start":{"line":58,"column":16},"end":{"line":58,"column":43}},"21":{"start":{"line":61,"column":16},"end":{"line":63,"column":17}},"22":{"start":{"line":62,"column":20},"end":{"line":62,"column":42}},"23":{"start":{"line":64,"column":16},"end":{"line":64,"column":62}},"24":{"start":{"line":70,"column":16},"end":{"line":75,"column":17}},"25":{"start":{"line":70,"column":31},"end":{"line":70,"column":32}},"26":{"start":{"line":71,"column":20},"end":{"line":74,"column":64}},"27":{"start":{"line":78,"column":16},"end":{"line":78,"column":56}},"28":{"start":{"line":79,"column":16},"end":{"line":79,"column":69}},"29":{"start":{"line":80,"column":16},"end":{"line":80,"column":70}},"30":{"start":{"line":81,"column":16},"end":{"line":81,"column":55}},"31":{"start":{"line":82,"column":16},"end":{"line":82,"column":62}},"32":{"start":{"line":84,"column":16},"end":{"line":84,"column":45}},"33":{"start":{"line":85,"column":16},"end":{"line":85,"column":50}},"34":{"start":{"line":86,"column":16},"end":{"line":96,"column":17}},"35":{"start":{"line":86,"column":31},"end":{"line":86,"column":32}},"36":{"start":{"line":87,"column":41},"end":{"line":87,"column":64}},"37":{"start":{"line":88,"column":20},"end":{"line":95,"column":21}},"38":{"start":{"line":89,"column":24},"end":{"line":89,"column":56}},"39":{"start":{"line":90,"column":24},"end":{"line":93,"column":46}},"40":{"start":{"line":94,"column":24},"end":{"line":94,"column":30}},"41":{"start":{"line":97,"column":16},"end":{"line":97,"column":68}},"42":{"start":{"line":98,"column":16},"end":{"line":98,"column":61}},"43":{"start":{"line":99,"column":16},"end":{"line":99,"column":67}},"44":{"start":{"line":100,"column":16},"end":{"line":100,"column":102}},"45":{"start":{"line":101,"column":16},"end":{"line":101,"column":111}},"46":{"start":{"line":102,"column":16},"end":{"line":102,"column":115}},"47":{"start":{"line":103,"column":16},"end":{"line":103,"column":61}},"48":{"start":{"line":104,"column":16},"end":{"line":104,"column":74}},"49":{"start":{"line":105,"column":16},"end":{"line":105,"column":74}},"50":{"start":{"line":106,"column":16},"end":{"line":106,"column":126}},"51":{"start":{"line":109,"column":8},"end":{"line":109,"column":32}},"52":{"start":{"line":114,"column":8},"end":{"line":114,"column":32}},"53":{"start":{"line":118,"column":8},"end":{"line":118,"column":28}},"54":{"start":{"line":123,"column":8},"end":{"line":123,"column":32}},"55":{"start":{"line":128,"column":8},"end":{"line":128,"column":28}}},"fnMap":{"0":{"name":"(anonymous_0)","decl":{"start":{"line":9,"column":4},"end":{"line":9,"column":5}},"loc":{"start":{"line":9,"column":28},"end":{"line":15,"column":5}},"line":9},"1":{"name":"(anonymous_1)","decl":{"start":{"line":17,"column":4},"end":{"line":17,"column":5}},"loc":{"start":{"line":17,"column":23},"end":{"line":30,"column":5}},"line":17},"2":{"name":"(anonymous_2)","decl":{"start":{"line":21,"column":12},"end":{"line":21,"column":13}},"loc":{"start":{"line":21,"column":33},"end":{"line":27,"column":13}},"line":21},"3":{"name":"(anonymous_3)","decl":{"start":{"line":32,"column":4},"end":{"line":32,"column":5}},"loc":{"start":{"line":32,"column":20},"end":{"line":52,"column":5}},"line":32},"4":{"name":"(anonymous_4)","decl":{"start":{"line":54,"column":4},"end":{"line":54,"column":5}},"loc":{"start":{"line":54,"column":22},"end":{"line":110,"column":5}},"line":54},"5":{"name":"(anonymous_5)","decl":{"start":{"line":57,"column":12},"end":{"line":57,"column":13}},"loc":{"start":{"line":57,"column":35},"end":{"line":59,"column":13}},"line":57},"6":{"name":"(anonymous_6)","decl":{"start":{"line":60,"column":12},"end":{"line":60,"column":13}},"loc":{"start":{"line":60,"column":37},"end":{"line":65,"column":13}},"line":60},"7":{"name":"(anonymous_7)","decl":{"start":{"line":67,"column":12},"end":{"line":67,"column":13}},"loc":{"start":{"line":67,"column":33},"end":{"line":76,"column":13}},"line":67},"8":{"name":"(anonymous_8)","decl":{"start":{"line":77,"column":12},"end":{"line":77,"column":13}},"loc":{"start":{"line":77,"column":38},"end":{"line":107,"column":13}},"line":77},"9":{"name":"(anonymous_9)","decl":{"start":{"line":112,"column":4},"end":{"line":112,"column":5}},"loc":{"start":{"line":112,"column":18},"end":{"line":115,"column":5}},"line":112},"10":{"name":"(anonymous_10)","decl":{"start":{"line":117,"column":4},"end":{"line":117,"column":5}},"loc":{"start":{"line":117,"column":18},"end":{"line":119,"column":5}},"line":117},"11":{"name":"(anonymous_11)","decl":{"start":{"line":121,"column":4},"end":{"line":121,"column":5}},"loc":{"start":{"line":121,"column":18},"end":{"line":124,"column":5}},"line":121},"12":{"name":"(anonymous_12)","decl":{"start":{"line":126,"column":4},"end":{"line":126,"column":5}},"loc":{"start":{"line":126,"column":14},"end":{"line":129,"column":5}},"line":126}},"branchMap":{"0":{"loc":{"start":{"line":12,"column":8},"end":{"line":14,"column":9}},"type":"if","locations":[{"start":{"line":12,"column":8},"end":{"line":14,"column":9}},{"start":{"line":12,"column":8},"end":{"line":14,"column":9}}],"line":12},"1":{"loc":{"start":{"line":22,"column":16},"end":{"line":26,"column":17}},"type":"if","locations":[{"start":{"line":22,"column":16},"end":{"line":26,"column":17}},{"start":{"line":22,"column":16},"end":{"line":26,"column":17}}],"line":22},"2":{"loc":{"start":{"line":25,"column":38},"end":{"line":25,"column":95}},"type":"binary-expr","locations":[{"start":{"line":25,"column":38},"end":{"line":25,"column":62}},{"start":{"line":25,"column":66},"end":{"line":25,"column":95}}],"line":25},"3":{"loc":{"start":{"line":61,"column":16},"end":{"line":63,"column":17}},"type":"if","locations":[{"start":{"line":61,"column":16},"end":{"line":63,"column":17}},{"start":{"line":61,"column":16},"end":{"line":63,"column":17}}],"line":61},"4":{"loc":{"start":{"line":72,"column":24},"end":{"line":74,"column":63}},"type":"cond-expr","locations":[{"start":{"line":73,"column":30},"end":{"line":73,"column":38}},{"start":{"line":74,"column":30},"end":{"line":74,"column":63}}],"line":72},"5":{"loc":{"start":{"line":72,"column":24},"end":{"line":72,"column":114}},"type":"binary-expr","locations":[{"start":{"line":72,"column":24},"end":{"line":72,"column":74}},{"start":{"line":72,"column":78},"end":{"line":72,"column":114}}],"line":72},"6":{"loc":{"start":{"line":88,"column":20},"end":{"line":95,"column":21}},"type":"if","locations":[{"start":{"line":88,"column":20},"end":{"line":95,"column":21}},{"start":{"line":88,"column":20},"end":{"line":95,"column":21}}],"line":88},"7":{"loc":{"start":{"line":91,"column":28},"end":{"line":93,"column":45}},"type":"cond-expr","locations":[{"start":{"line":92,"column":34},"end":{"line":92,"column":42}},{"start":{"line":93,"column":34},"end":{"line":93,"column":45}}],"line":91},"8":{"loc":{"start":{"line":91,"column":28},"end":{"line":91,"column":118}},"type":"binary-expr","locations":[{"start":{"line":91,"column":28},"end":{"line":91,"column":78}},{"start":{"line":91,"column":82},"end":{"line":91,"column":118}}],"line":91},"9":{"loc":{"start":{"line":100,"column":40},"end":{"line":100,"column":101}},"type":"cond-expr","locations":[{"start":{"line":100,"column":54},"end":{"line":100,"column":67}},{"start":{"line":100,"column":70},"end":{"line":100,"column":101}}],"line":100},"10":{"loc":{"start":{"line":101,"column":43},"end":{"line":101,"column":110}},"type":"cond-expr","locations":[{"start":{"line":101,"column":57},"end":{"line":101,"column":73}},{"start":{"line":101,"column":76},"end":{"line":101,"column":110}}],"line":101},"11":{"loc":{"start":{"line":102,"column":40},"end":{"line":102,"column":114}},"type":"cond-expr","locations":[{"start":{"line":102,"column":61},"end":{"line":102,"column":95}},{"start":{"line":102,"column":98},"end":{"line":102,"column":114}}],"line":102},"12":{"loc":{"start":{"line":106,"column":40},"end":{"line":106,"column":125}},"type":"cond-expr","locations":[{"start":{"line":106,"column":62},"end":{"line":106,"column":94}},{"start":{"line":106,"column":97},"end":{"line":106,"column":125}}],"line":106}},"s":{"0":1,"1":1,"2":1,"3":1,"4":1,"5":1,"6":6,"7":6,"8":0,"9":6,"10":6,"11":6,"12":6,"13":0,"14":6,"15":6,"16":6,"17":6,"18":6,"19":6,"20":6,"21":6,"22":6,"23":6,"24":6,"25":6,"26":0,"27":6,"28":6,"29":6,"30":6,"31":6,"32":6,"33":6,"34":6,"35":6,"36":0,"37":0,"38":0,"39":0,"40":0,"41":6,"42":6,"43":6,"44":6,"45":6,"46":6,"47":6,"48":6,"49":6,"50":6,"51":6,"52":6,"53":6,"54":6,"55":6},"f":{"0":6,"1":6,"2":6,"3":6,"4":6,"5":6,"6":6,"7":6,"8":6,"9":6,"10":6,"11":6,"12":6},"b":{"0":[0,6],"1":[6,0],"2":[0,0],"3":[6,0],"4":[0,0],"5":[0,0],"6":[0,0],"7":[0,0],"8":[0,0],"9":[3,3],"10":[3,3],"11":[1,5],"12":[1,5]},"_coverageSchema":"1a1c01bbd47fc00a2c39e90264f33305004495a9","hash":"ce09ea506f552130893ab39013f2f1fd8bc16fa3","contentHash":"f6e8ceeece2d33f4a2e48fc057d7429589c96305817770006608b62f69129511"},"/Users/daniel/workspace/jhipster-quarkus/generators/entity-server/files.js":{"path":"/Users/daniel/workspace/jhipster-quarkus/generators/entity-server/files.js","statementMap":{"0":{"start":{"line":20,"column":18},"end":{"line":20,"column":78}},"1":{"start":{"line":21,"column":14},"end":{"line":21,"column":30}},"2":{"start":{"line":22,"column":22},"end":{"line":22,"column":68}},"3":{"start":{"line":23,"column":14},"end":{"line":23,"column":33}},"4":{"start":{"line":25,"column":16},"end":{"line":25,"column":46}},"5":{"start":{"line":27,"column":28},"end":{"line":27,"column":57}},"6":{"start":{"line":28,"column":26},"end":{"line":28,"column":53}},"7":{"start":{"line":29,"column":28},"end":{"line":29,"column":57}},"8":{"start":{"line":30,"column":28},"end":{"line":30,"column":57}},"9":{"start":{"line":50,"column":22},"end":{"line":66,"column":1}},"10":{"start":{"line":51,"column":15},"end":{"line":51,"column":25}},"11":{"start":{"line":52,"column":4},"end":{"line":54,"column":5}},"12":{"start":{"line":53,"column":8},"end":{"line":53,"column":45}},"13":{"start":{"line":56,"column":18},"end":{"line":59,"column":5}},"14":{"start":{"line":61,"column":17},"end":{"line":61,"column":31}},"15":{"start":{"line":62,"column":4},"end":{"line":62,"column":41}},"16":{"start":{"line":63,"column":4},"end":{"line":63,"column":25}},"17":{"start":{"line":65,"column":4},"end":{"line":65,"column":16}},"18":{"start":{"line":68,"column":30},"end":{"line":77,"column":1}},"19":{"start":{"line":70,"column":4},"end":{"line":75,"column":5}},"20":{"start":{"line":71,"column":8},"end":{"line":74,"column":122}},"21":{"start":{"line":76,"column":4},"end":{"line":76,"column":42}},"22":{"start":{"line":79,"column":20},"end":{"line":194,"column":1}},"23":{"start":{"line":86,"column":43},"end":{"line":86,"column":128}},"24":{"start":{"line":91,"column":43},"end":{"line":91,"column":118}},"25":{"start":{"line":97,"column":36},"end":{"line":97,"column":73}},"26":{"start":{"line":102,"column":43},"end":{"line":102,"column":122}},"27":{"start":{"line":108,"column":36},"end":{"line":108,"column":59}},"28":{"start":{"line":113,"column":43},"end":{"line":113,"column":94}},"29":{"start":{"line":119,"column":36},"end":{"line":119,"column":59}},"30":{"start":{"line":124,"column":43},"end":{"line":124,"column":102}},"31":{"start":{"line":130,"column":36},"end":{"line":130,"column":59}},"32":{"start":{"line":135,"column":43},"end":{"line":135,"column":100}},"33":{"start":{"line":145,"column":43},"end":{"line":145,"column":112}},"34":{"start":{"line":150,"column":43},"end":{"line":150,"column":122}},"35":{"start":{"line":156,"column":36},"end":{"line":156,"column":94}},"36":{"start":{"line":161,"column":43},"end":{"line":161,"column":116}},"37":{"start":{"line":165,"column":43},"end":{"line":165,"column":125}},"38":{"start":{"line":170,"column":36},"end":{"line":170,"column":95}},"39":{"start":{"line":175,"column":43},"end":{"line":175,"column":116}},"40":{"start":{"line":180,"column":36},"end":{"line":180,"column":52}},"41":{"start":{"line":185,"column":43},"end":{"line":185,"column":130}},"42":{"start":{"line":189,"column":43},"end":{"line":189,"column":122}},"43":{"start":{"line":196,"column":32},"end":{"line":307,"column":1}},"44":{"start":{"line":199,"column":36},"end":{"line":199,"column":98}},"45":{"start":{"line":205,"column":43},"end":{"line":205,"column":140}},"46":{"start":{"line":211,"column":16},"end":{"line":213,"column":132}},"47":{"start":{"line":220,"column":24},"end":{"line":220,"column":133}},"48":{"start":{"line":225,"column":36},"end":{"line":225,"column":104}},"49":{"start":{"line":230,"column":43},"end":{"line":230,"column":134}},"50":{"start":{"line":237,"column":36},"end":{"line":237,"column":125}},"51":{"start":{"line":250,"column":43},"end":{"line":250,"column":104}},"52":{"start":{"line":256,"column":16},"end":{"line":259,"column":99}},"53":{"start":{"line":265,"column":16},"end":{"line":268,"column":56}},"54":{"start":{"line":275,"column":36},"end":{"line":275,"column":52}},"55":{"start":{"line":280,"column":43},"end":{"line":280,"column":104}},"56":{"start":{"line":285,"column":36},"end":{"line":285,"column":52}},"57":{"start":{"line":290,"column":43},"end":{"line":290,"column":134}},"58":{"start":{"line":296,"column":16},"end":{"line":297,"column":132}},"59":{"start":{"line":302,"column":43},"end":{"line":302,"column":126}},"60":{"start":{"line":310,"column":4},"end":{"line":314,"column":6}},"61":{"start":{"line":316,"column":4},"end":{"line":320,"column":6}},"62":{"start":{"line":322,"column":4},"end":{"line":327,"column":6}},"63":{"start":{"line":329,"column":4},"end":{"line":329,"column":139}},"64":{"start":{"line":333,"column":4},"end":{"line":383,"column":6}},"65":{"start":{"line":335,"column":12},"end":{"line":335,"column":40}},"66":{"start":{"line":335,"column":33},"end":{"line":335,"column":40}},"67":{"start":{"line":338,"column":12},"end":{"line":338,"column":71}},"68":{"start":{"line":339,"column":12},"end":{"line":339,"column":132}},"69":{"start":{"line":340,"column":12},"end":{"line":342,"column":13}},"70":{"start":{"line":341,"column":16},"end":{"line":341,"column":41}},"71":{"start":{"line":344,"column":12},"end":{"line":361,"column":13}},"72":{"start":{"line":345,"column":16},"end":{"line":350,"column":17}},"73":{"start":{"line":346,"column":20},"end":{"line":348,"column":21}},"74":{"start":{"line":347,"column":24},"end":{"line":347,"column":134}},"75":{"start":{"line":349,"column":20},"end":{"line":349,"column":107}},"76":{"start":{"line":352,"column":16},"end":{"line":360,"column":17}},"77":{"start":{"line":353,"column":20},"end":{"line":359,"column":22}},"78":{"start":{"line":365,"column":12},"end":{"line":381,"column":15}},"79":{"start":{"line":366,"column":16},"end":{"line":380,"column":17}},"80":{"start":{"line":367,"column":38},"end":{"line":367,"column":53}},"81":{"start":{"line":368,"column":37},"end":{"line":368,"column":125}},"82":{"start":{"line":369,"column":20},"end":{"line":379,"column":21}},"83":{"start":{"line":370,"column":24},"end":{"line":378,"column":26}},"84":{"start":{"line":386,"column":0},"end":{"line":389,"column":2}}},"fnMap":{"0":{"name":"(anonymous_0)","decl":{"start":{"line":50,"column":22},"end":{"line":50,"column":23}},"loc":{"start":{"line":50,"column":46},"end":{"line":66,"column":1}},"line":50},"1":{"name":"(anonymous_1)","decl":{"start":{"line":68,"column":30},"end":{"line":68,"column":31}},"loc":{"start":{"line":68,"column":60},"end":{"line":77,"column":1}},"line":68},"2":{"name":"(anonymous_2)","decl":{"start":{"line":86,"column":30},"end":{"line":86,"column":31}},"loc":{"start":{"line":86,"column":43},"end":{"line":86,"column":128}},"line":86},"3":{"name":"(anonymous_3)","decl":{"start":{"line":91,"column":30},"end":{"line":91,"column":31}},"loc":{"start":{"line":91,"column":43},"end":{"line":91,"column":118}},"line":91},"4":{"name":"(anonymous_4)","decl":{"start":{"line":97,"column":23},"end":{"line":97,"column":24}},"loc":{"start":{"line":97,"column":36},"end":{"line":97,"column":73}},"line":97},"5":{"name":"(anonymous_5)","decl":{"start":{"line":102,"column":30},"end":{"line":102,"column":31}},"loc":{"start":{"line":102,"column":43},"end":{"line":102,"column":122}},"line":102},"6":{"name":"(anonymous_6)","decl":{"start":{"line":108,"column":23},"end":{"line":108,"column":24}},"loc":{"start":{"line":108,"column":36},"end":{"line":108,"column":59}},"line":108},"7":{"name":"(anonymous_7)","decl":{"start":{"line":113,"column":30},"end":{"line":113,"column":31}},"loc":{"start":{"line":113,"column":43},"end":{"line":113,"column":94}},"line":113},"8":{"name":"(anonymous_8)","decl":{"start":{"line":119,"column":23},"end":{"line":119,"column":24}},"loc":{"start":{"line":119,"column":36},"end":{"line":119,"column":59}},"line":119},"9":{"name":"(anonymous_9)","decl":{"start":{"line":124,"column":30},"end":{"line":124,"column":31}},"loc":{"start":{"line":124,"column":43},"end":{"line":124,"column":102}},"line":124},"10":{"name":"(anonymous_10)","decl":{"start":{"line":130,"column":23},"end":{"line":130,"column":24}},"loc":{"start":{"line":130,"column":36},"end":{"line":130,"column":59}},"line":130},"11":{"name":"(anonymous_11)","decl":{"start":{"line":135,"column":30},"end":{"line":135,"column":31}},"loc":{"start":{"line":135,"column":43},"end":{"line":135,"column":100}},"line":135},"12":{"name":"(anonymous_12)","decl":{"start":{"line":145,"column":30},"end":{"line":145,"column":31}},"loc":{"start":{"line":145,"column":43},"end":{"line":145,"column":112}},"line":145},"13":{"name":"(anonymous_13)","decl":{"start":{"line":150,"column":30},"end":{"line":150,"column":31}},"loc":{"start":{"line":150,"column":43},"end":{"line":150,"column":122}},"line":150},"14":{"name":"(anonymous_14)","decl":{"start":{"line":156,"column":23},"end":{"line":156,"column":24}},"loc":{"start":{"line":156,"column":36},"end":{"line":156,"column":94}},"line":156},"15":{"name":"(anonymous_15)","decl":{"start":{"line":161,"column":30},"end":{"line":161,"column":31}},"loc":{"start":{"line":161,"column":43},"end":{"line":161,"column":116}},"line":161},"16":{"name":"(anonymous_16)","decl":{"start":{"line":165,"column":30},"end":{"line":165,"column":31}},"loc":{"start":{"line":165,"column":43},"end":{"line":165,"column":125}},"line":165},"17":{"name":"(anonymous_17)","decl":{"start":{"line":170,"column":23},"end":{"line":170,"column":24}},"loc":{"start":{"line":170,"column":36},"end":{"line":170,"column":95}},"line":170},"18":{"name":"(anonymous_18)","decl":{"start":{"line":175,"column":30},"end":{"line":175,"column":31}},"loc":{"start":{"line":175,"column":43},"end":{"line":175,"column":116}},"line":175},"19":{"name":"(anonymous_19)","decl":{"start":{"line":180,"column":23},"end":{"line":180,"column":24}},"loc":{"start":{"line":180,"column":36},"end":{"line":180,"column":52}},"line":180},"20":{"name":"(anonymous_20)","decl":{"start":{"line":185,"column":30},"end":{"line":185,"column":31}},"loc":{"start":{"line":185,"column":43},"end":{"line":185,"column":130}},"line":185},"21":{"name":"(anonymous_21)","decl":{"start":{"line":189,"column":30},"end":{"line":189,"column":31}},"loc":{"start":{"line":189,"column":43},"end":{"line":189,"column":122}},"line":189},"22":{"name":"(anonymous_22)","decl":{"start":{"line":199,"column":23},"end":{"line":199,"column":24}},"loc":{"start":{"line":199,"column":36},"end":{"line":199,"column":98}},"line":199},"23":{"name":"(anonymous_23)","decl":{"start":{"line":205,"column":30},"end":{"line":205,"column":31}},"loc":{"start":{"line":205,"column":43},"end":{"line":205,"column":140}},"line":205},"24":{"name":"(anonymous_24)","decl":{"start":{"line":210,"column":23},"end":{"line":210,"column":24}},"loc":{"start":{"line":211,"column":16},"end":{"line":213,"column":132}},"line":211},"25":{"name":"(anonymous_25)","decl":{"start":{"line":219,"column":30},"end":{"line":219,"column":31}},"loc":{"start":{"line":220,"column":24},"end":{"line":220,"column":133}},"line":220},"26":{"name":"(anonymous_26)","decl":{"start":{"line":225,"column":23},"end":{"line":225,"column":24}},"loc":{"start":{"line":225,"column":36},"end":{"line":225,"column":104}},"line":225},"27":{"name":"(anonymous_27)","decl":{"start":{"line":230,"column":30},"end":{"line":230,"column":31}},"loc":{"start":{"line":230,"column":43},"end":{"line":230,"column":134}},"line":230},"28":{"name":"(anonymous_28)","decl":{"start":{"line":237,"column":23},"end":{"line":237,"column":24}},"loc":{"start":{"line":237,"column":36},"end":{"line":237,"column":125}},"line":237},"29":{"name":"(anonymous_29)","decl":{"start":{"line":250,"column":30},"end":{"line":250,"column":31}},"loc":{"start":{"line":250,"column":43},"end":{"line":250,"column":104}},"line":250},"30":{"name":"(anonymous_30)","decl":{"start":{"line":255,"column":23},"end":{"line":255,"column":24}},"loc":{"start":{"line":256,"column":16},"end":{"line":259,"column":99}},"line":256},"31":{"name":"(anonymous_31)","decl":{"start":{"line":264,"column":23},"end":{"line":264,"column":24}},"loc":{"start":{"line":265,"column":16},"end":{"line":268,"column":56}},"line":265},"32":{"name":"(anonymous_32)","decl":{"start":{"line":275,"column":23},"end":{"line":275,"column":24}},"loc":{"start":{"line":275,"column":36},"end":{"line":275,"column":52}},"line":275},"33":{"name":"(anonymous_33)","decl":{"start":{"line":280,"column":30},"end":{"line":280,"column":31}},"loc":{"start":{"line":280,"column":43},"end":{"line":280,"column":104}},"line":280},"34":{"name":"(anonymous_34)","decl":{"start":{"line":285,"column":23},"end":{"line":285,"column":24}},"loc":{"start":{"line":285,"column":36},"end":{"line":285,"column":52}},"line":285},"35":{"name":"(anonymous_35)","decl":{"start":{"line":290,"column":30},"end":{"line":290,"column":31}},"loc":{"start":{"line":290,"column":43},"end":{"line":290,"column":134}},"line":290},"36":{"name":"(anonymous_36)","decl":{"start":{"line":295,"column":23},"end":{"line":295,"column":24}},"loc":{"start":{"line":296,"column":16},"end":{"line":297,"column":132}},"line":296},"37":{"name":"(anonymous_37)","decl":{"start":{"line":302,"column":30},"end":{"line":302,"column":31}},"loc":{"start":{"line":302,"column":43},"end":{"line":302,"column":126}},"line":302},"38":{"name":"updateDtoTest","decl":{"start":{"line":309,"column":9},"end":{"line":309,"column":22}},"loc":{"start":{"line":309,"column":25},"end":{"line":330,"column":1}},"line":309},"39":{"name":"writeFiles","decl":{"start":{"line":332,"column":9},"end":{"line":332,"column":19}},"loc":{"start":{"line":332,"column":22},"end":{"line":384,"column":1}},"line":332},"40":{"name":"(anonymous_40)","decl":{"start":{"line":334,"column":8},"end":{"line":334,"column":9}},"loc":{"start":{"line":334,"column":27},"end":{"line":362,"column":9}},"line":334},"41":{"name":"(anonymous_41)","decl":{"start":{"line":364,"column":8},"end":{"line":364,"column":9}},"loc":{"start":{"line":364,"column":25},"end":{"line":382,"column":9}},"line":364},"42":{"name":"(anonymous_42)","decl":{"start":{"line":365,"column":32},"end":{"line":365,"column":33}},"loc":{"start":{"line":365,"column":41},"end":{"line":381,"column":13}},"line":365}},"branchMap":{"0":{"loc":{"start":{"line":52,"column":4},"end":{"line":54,"column":5}},"type":"if","locations":[{"start":{"line":52,"column":4},"end":{"line":54,"column":5}},{"start":{"line":52,"column":4},"end":{"line":54,"column":5}}],"line":52},"1":{"loc":{"start":{"line":58,"column":14},"end":{"line":58,"column":23}},"type":"binary-expr","locations":[{"start":{"line":58,"column":14},"end":{"line":58,"column":18}},{"start":{"line":58,"column":22},"end":{"line":58,"column":23}}],"line":58},"2":{"loc":{"start":{"line":70,"column":4},"end":{"line":75,"column":5}},"type":"if","locations":[{"start":{"line":70,"column":4},"end":{"line":75,"column":5}},{"start":{"line":70,"column":4},"end":{"line":75,"column":5}}],"line":70},"3":{"loc":{"start":{"line":156,"column":36},"end":{"line":156,"column":94}},"type":"binary-expr","locations":[{"start":{"line":156,"column":36},"end":{"line":156,"column":71}},{"start":{"line":156,"column":75},"end":{"line":156,"column":94}}],"line":156},"4":{"loc":{"start":{"line":170,"column":36},"end":{"line":170,"column":95}},"type":"binary-expr","locations":[{"start":{"line":170,"column":36},"end":{"line":170,"column":72}},{"start":{"line":170,"column":76},"end":{"line":170,"column":95}}],"line":170},"5":{"loc":{"start":{"line":199,"column":36},"end":{"line":199,"column":98}},"type":"binary-expr","locations":[{"start":{"line":199,"column":36},"end":{"line":199,"column":68}},{"start":{"line":199,"column":72},"end":{"line":199,"column":98}}],"line":199},"6":{"loc":{"start":{"line":211,"column":16},"end":{"line":213,"column":132}},"type":"binary-expr","locations":[{"start":{"line":211,"column":16},"end":{"line":211,"column":48}},{"start":{"line":212,"column":16},"end":{"line":212,"column":42}},{"start":{"line":213,"column":17},"end":{"line":213,"column":55}},{"start":{"line":213,"column":59},"end":{"line":213,"column":95}},{"start":{"line":213,"column":99},"end":{"line":213,"column":131}}],"line":211},"7":{"loc":{"start":{"line":225,"column":36},"end":{"line":225,"column":104}},"type":"binary-expr","locations":[{"start":{"line":225,"column":36},"end":{"line":225,"column":74}},{"start":{"line":225,"column":78},"end":{"line":225,"column":104}}],"line":225},"8":{"loc":{"start":{"line":237,"column":36},"end":{"line":237,"column":125}},"type":"binary-expr","locations":[{"start":{"line":237,"column":36},"end":{"line":237,"column":68}},{"start":{"line":237,"column":72},"end":{"line":237,"column":95}},{"start":{"line":237,"column":99},"end":{"line":237,"column":125}}],"line":237},"9":{"loc":{"start":{"line":256,"column":16},"end":{"line":259,"column":99}},"type":"binary-expr","locations":[{"start":{"line":256,"column":16},"end":{"line":256,"column":48}},{"start":{"line":257,"column":16},"end":{"line":257,"column":39}},{"start":{"line":258,"column":16},"end":{"line":258,"column":42}},{"start":{"line":259,"column":17},"end":{"line":259,"column":58}},{"start":{"line":259,"column":62},"end":{"line":259,"column":98}}],"line":256},"10":{"loc":{"start":{"line":265,"column":16},"end":{"line":268,"column":56}},"type":"binary-expr","locations":[{"start":{"line":265,"column":16},"end":{"line":265,"column":48}},{"start":{"line":266,"column":16},"end":{"line":266,"column":39}},{"start":{"line":267,"column":16},"end":{"line":267,"column":42}},{"start":{"line":268,"column":16},"end":{"line":268,"column":56}}],"line":265},"11":{"loc":{"start":{"line":296,"column":16},"end":{"line":297,"column":132}},"type":"binary-expr","locations":[{"start":{"line":296,"column":16},"end":{"line":296,"column":32}},{"start":{"line":297,"column":17},"end":{"line":297,"column":49}},{"start":{"line":297,"column":53},"end":{"line":297,"column":89}},{"start":{"line":297,"column":93},"end":{"line":297,"column":131}}],"line":296},"12":{"loc":{"start":{"line":335,"column":12},"end":{"line":335,"column":40}},"type":"if","locations":[{"start":{"line":335,"column":12},"end":{"line":335,"column":40}},{"start":{"line":335,"column":12},"end":{"line":335,"column":40}}],"line":335},"13":{"loc":{"start":{"line":340,"column":12},"end":{"line":342,"column":13}},"type":"if","locations":[{"start":{"line":340,"column":12},"end":{"line":342,"column":13}},{"start":{"line":340,"column":12},"end":{"line":342,"column":13}}],"line":340},"14":{"loc":{"start":{"line":344,"column":12},"end":{"line":361,"column":13}},"type":"if","locations":[{"start":{"line":344,"column":12},"end":{"line":361,"column":13}},{"start":{"line":344,"column":12},"end":{"line":361,"column":13}}],"line":344},"15":{"loc":{"start":{"line":345,"column":16},"end":{"line":350,"column":17}},"type":"if","locations":[{"start":{"line":345,"column":16},"end":{"line":350,"column":17}},{"start":{"line":345,"column":16},"end":{"line":350,"column":17}}],"line":345},"16":{"loc":{"start":{"line":346,"column":20},"end":{"line":348,"column":21}},"type":"if","locations":[{"start":{"line":346,"column":20},"end":{"line":348,"column":21}},{"start":{"line":346,"column":20},"end":{"line":348,"column":21}}],"line":346},"17":{"loc":{"start":{"line":346,"column":24},"end":{"line":346,"column":123}},"type":"binary-expr","locations":[{"start":{"line":346,"column":24},"end":{"line":346,"column":57}},{"start":{"line":346,"column":61},"end":{"line":346,"column":92}},{"start":{"line":346,"column":96},"end":{"line":346,"column":123}}],"line":346},"18":{"loc":{"start":{"line":352,"column":16},"end":{"line":360,"column":17}},"type":"if","locations":[{"start":{"line":352,"column":16},"end":{"line":360,"column":17}},{"start":{"line":352,"column":16},"end":{"line":360,"column":17}}],"line":352},"19":{"loc":{"start":{"line":352,"column":20},"end":{"line":352,"column":124}},"type":"binary-expr","locations":[{"start":{"line":352,"column":20},"end":{"line":352,"column":95}},{"start":{"line":352,"column":99},"end":{"line":352,"column":124}}],"line":352},"20":{"loc":{"start":{"line":366,"column":16},"end":{"line":380,"column":17}},"type":"if","locations":[{"start":{"line":366,"column":16},"end":{"line":380,"column":17}},{"start":{"line":366,"column":16},"end":{"line":380,"column":17}}],"line":366},"21":{"loc":{"start":{"line":369,"column":20},"end":{"line":379,"column":21}},"type":"if","locations":[{"start":{"line":369,"column":20},"end":{"line":379,"column":21}},{"start":{"line":369,"column":20},"end":{"line":379,"column":21}}],"line":369}},"s":{"0":1,"1":1,"2":1,"3":1,"4":1,"5":1,"6":1,"7":1,"8":1,"9":1,"10":0,"11":0,"12":0,"13":0,"14":0,"15":0,"16":0,"17":0,"18":1,"19":0,"20":0,"21":0,"22":1,"23":6,"24":6,"25":6,"26":1,"27":6,"28":2,"29":6,"30":2,"31":6,"32":2,"33":6,"34":6,"35":6,"36":1,"37":1,"38":6,"39":2,"40":6,"41":3,"42":3,"43":1,"44":6,"45":6,"46":6,"47":0,"48":6,"49":0,"50":6,"51":6,"52":6,"53":6,"54":6,"55":3,"56":6,"57":3,"58":6,"59":3,"60":3,"61":3,"62":3,"63":3,"64":6,"65":6,"66":0,"67":6,"68":6,"69":6,"70":3,"71":6,"72":6,"73":6,"74":0,"75":6,"76":6,"77":6,"78":6,"79":0,"80":0,"81":0,"82":0,"83":0,"84":1},"f":{"0":0,"1":0,"2":6,"3":6,"4":6,"5":1,"6":6,"7":2,"8":6,"9":2,"10":6,"11":2,"12":6,"13":6,"14":6,"15":1,"16":1,"17":6,"18":2,"19":6,"20":3,"21":3,"22":6,"23":6,"24":6,"25":0,"26":6,"27":0,"28":6,"29":6,"30":6,"31":6,"32":6,"33":3,"34":6,"35":3,"36":6,"37":3,"38":3,"39":6,"40":6,"41":6,"42":0},"b":{"0":[0,0],"1":[0,0],"2":[0,0],"3":[6,1],"4":[6,2],"5":[6,6],"6":[6,6,6,6,6],"7":[6,0],"8":[6,6,6],"9":[6,6,6,6,6],"10":[6,6,6,6],"11":[6,3,0,0],"12":[0,6],"13":[3,3],"14":[6,0],"15":[6,0],"16":[0,6],"17":[6,6,6],"18":[6,0],"19":[6,6],"20":[0,0],"21":[0,0]},"_coverageSchema":"1a1c01bbd47fc00a2c39e90264f33305004495a9","hash":"8c45ca83c3507c1d48df947c8caeecdd060ae216","contentHash":"583090ef76778b45af6f1569106b3aa8efecf48cc473e1f680a3710d98b23ef5"},"/Users/daniel/workspace/jhipster-quarkus/generators/utils.js":{"path":"/Users/daniel/workspace/jhipster-quarkus/generators/utils.js","statementMap":{"0":{"start":{"line":1,"column":10},"end":{"line":1,"column":27}},"1":{"start":{"line":3,"column":0},"end":{"line":5,"column":2}},"2":{"start":{"line":15,"column":22},"end":{"line":15,"column":37}},"3":{"start":{"line":16,"column":4},"end":{"line":16,"column":49}},"4":{"start":{"line":17,"column":21},"end":{"line":25,"column":5}},"5":{"start":{"line":26,"column":4},"end":{"line":26,"column":20}}},"fnMap":{"0":{"name":"buildEnumInfo","decl":{"start":{"line":14,"column":9},"end":{"line":14,"column":22}},"loc":{"start":{"line":14,"column":77},"end":{"line":27,"column":1}},"line":14}},"branchMap":{"0":{"loc":{"start":{"line":24,"column":26},"end":{"line":24,"column":72}},"type":"cond-expr","locations":[{"start":{"line":24,"column":45},"end":{"line":24,"column":67}},{"start":{"line":24,"column":70},"end":{"line":24,"column":72}}],"line":24}},"s":{"0":1,"1":1,"2":0,"3":0,"4":0,"5":0},"f":{"0":0},"b":{"0":[0,0]},"_coverageSchema":"1a1c01bbd47fc00a2c39e90264f33305004495a9","hash":"3353ec87b6e5d54a6197e4046bb76a85cd4cf43a","contentHash":"1784ee431f82e31dc5b9adad71129aa61acd5f4b8e6894a309c90179182719db"},"/Users/daniel/workspace/jhipster-quarkus/generators/entity-server/prompts.js":{"path":"/Users/daniel/workspace/jhipster-quarkus/generators/entity-server/prompts.js","statementMap":{"0":{"start":{"line":1,"column":0},"end":{"line":4,"column":2}},"1":{"start":{"line":8,"column":4},"end":{"line":10,"column":5}},"2":{"start":{"line":9,"column":8},"end":{"line":9,"column":15}},"3":{"start":{"line":11,"column":25},"end":{"line":11,"column":42}},"4":{"start":{"line":12,"column":17},"end":{"line":12,"column":29}},"5":{"start":{"line":13,"column":20},"end":{"line":31,"column":5}},"6":{"start":{"line":15,"column":24},"end":{"line":15,"column":45}},"7":{"start":{"line":32,"column":4},"end":{"line":35,"column":7}},"8":{"start":{"line":33,"column":8},"end":{"line":33,"column":43}},"9":{"start":{"line":34,"column":8},"end":{"line":34,"column":15}},"10":{"start":{"line":40,"column":4},"end":{"line":42,"column":5}},"11":{"start":{"line":41,"column":8},"end":{"line":41,"column":15}},"12":{"start":{"line":43,"column":17},"end":{"line":43,"column":29}},"13":{"start":{"line":44,"column":20},"end":{"line":65,"column":5}},"14":{"start":{"line":66,"column":4},"end":{"line":69,"column":7}},"15":{"start":{"line":67,"column":8},"end":{"line":67,"column":37}},"16":{"start":{"line":68,"column":8},"end":{"line":68,"column":15}}},"fnMap":{"0":{"name":"askForDataAccess","decl":{"start":{"line":6,"column":9},"end":{"line":6,"column":25}},"loc":{"start":{"line":6,"column":28},"end":{"line":36,"column":1}},"line":6},"1":{"name":"(anonymous_1)","decl":{"start":{"line":15,"column":18},"end":{"line":15,"column":19}},"loc":{"start":{"line":15,"column":24},"end":{"line":15,"column":45}},"line":15},"2":{"name":"(anonymous_2)","decl":{"start":{"line":32,"column":30},"end":{"line":32,"column":31}},"loc":{"start":{"line":32,"column":39},"end":{"line":35,"column":5}},"line":32},"3":{"name":"askForService","decl":{"start":{"line":38,"column":9},"end":{"line":38,"column":22}},"loc":{"start":{"line":38,"column":25},"end":{"line":70,"column":1}},"line":38},"4":{"name":"(anonymous_4)","decl":{"start":{"line":66,"column":30},"end":{"line":66,"column":31}},"loc":{"start":{"line":66,"column":39},"end":{"line":69,"column":5}},"line":66}},"branchMap":{"0":{"loc":{"start":{"line":8,"column":4},"end":{"line":10,"column":5}},"type":"if","locations":[{"start":{"line":8,"column":4},"end":{"line":10,"column":5}},{"start":{"line":8,"column":4},"end":{"line":10,"column":5}}],"line":8},"1":{"loc":{"start":{"line":40,"column":4},"end":{"line":42,"column":5}},"type":"if","locations":[{"start":{"line":40,"column":4},"end":{"line":42,"column":5}},{"start":{"line":40,"column":4},"end":{"line":42,"column":5}}],"line":40},"2":{"loc":{"start":{"line":40,"column":8},"end":{"line":40,"column":52}},"type":"binary-expr","locations":[{"start":{"line":40,"column":8},"end":{"line":40,"column":33}},{"start":{"line":40,"column":37},"end":{"line":40,"column":52}}],"line":40}},"s":{"0":1,"1":6,"2":0,"3":6,"4":6,"5":6,"6":6,"7":6,"8":6,"9":6,"10":6,"11":0,"12":6,"13":6,"14":6,"15":6,"16":6},"f":{"0":6,"1":6,"2":6,"3":6,"4":6},"b":{"0":[0,6],"1":[0,6],"2":[6,6]},"_coverageSchema":"1a1c01bbd47fc00a2c39e90264f33305004495a9","hash":"aa977305537b497fd25f6029410966956bef0a4b","contentHash":"d6a78b9d8172ba800837097f6b2058b85b1d5d3520f9ec1864f2d8df9c3d03a5"},"/Users/daniel/workspace/jhipster-quarkus/generators/generator-quarkus-constants.js":{"path":"/Users/daniel/workspace/jhipster-quarkus/generators/generator-quarkus-constants.js","statementMap":{"0":{"start":{"line":1,"column":28},"end":{"line":1,"column":42}},"1":{"start":{"line":3,"column":18},"end":{"line":5,"column":1}},"2":{"start":{"line":7,"column":0},"end":{"line":7,"column":27}}},"fnMap":{},"branchMap":{},"s":{"0":1,"1":1,"2":1},"f":{},"b":{},"_coverageSchema":"1a1c01bbd47fc00a2c39e90264f33305004495a9","hash":"5750fce66da8c080b99e4c98b5f80b9934c2f3f0","contentHash":"a820b6d6f90fb28bd014af7dfc0d7a7f6c461e148ebeebd513f176c7a2011524"},"/Users/daniel/workspace/jhipster-quarkus/generators/languages/index.js":{"path":"/Users/daniel/workspace/jhipster-quarkus/generators/languages/index.js","statementMap":{"0":{"start":{"line":2,"column":14},"end":{"line":2,"column":30}},"1":{"start":{"line":3,"column":27},"end":{"line":3,"column":77}},"2":{"start":{"line":5,"column":0},"end":{"line":88,"column":2}},"3":{"start":{"line":7,"column":8},"end":{"line":7,"column":54}},"4":{"start":{"line":9,"column":27},"end":{"line":9,"column":78}},"5":{"start":{"line":11,"column":8},"end":{"line":13,"column":9}},"6":{"start":{"line":12,"column":12},"end":{"line":12,"column":132}},"7":{"start":{"line":15,"column":8},"end":{"line":15,"column":59}},"8":{"start":{"line":56,"column":8},"end":{"line":56,"column":37}},"9":{"start":{"line":61,"column":8},"end":{"line":61,"column":34}},"10":{"start":{"line":66,"column":8},"end":{"line":66,"column":36}},"11":{"start":{"line":71,"column":8},"end":{"line":71,"column":32}},"12":{"start":{"line":76,"column":8},"end":{"line":76,"column":32}},"13":{"start":{"line":81,"column":8},"end":{"line":81,"column":32}},"14":{"start":{"line":86,"column":8},"end":{"line":86,"column":28}}},"fnMap":{"0":{"name":"(anonymous_0)","decl":{"start":{"line":6,"column":4},"end":{"line":6,"column":5}},"loc":{"start":{"line":6,"column":28},"end":{"line":16,"column":5}},"line":6},"1":{"name":"(anonymous_1)","decl":{"start":{"line":18,"column":4},"end":{"line":18,"column":5}},"loc":{"start":{"line":18,"column":23},"end":{"line":57,"column":5}},"line":18},"2":{"name":"(anonymous_2)","decl":{"start":{"line":59,"column":4},"end":{"line":59,"column":5}},"loc":{"start":{"line":59,"column":20},"end":{"line":62,"column":5}},"line":59},"3":{"name":"(anonymous_3)","decl":{"start":{"line":64,"column":4},"end":{"line":64,"column":5}},"loc":{"start":{"line":64,"column":22},"end":{"line":67,"column":5}},"line":64},"4":{"name":"(anonymous_4)","decl":{"start":{"line":69,"column":4},"end":{"line":69,"column":5}},"loc":{"start":{"line":69,"column":18},"end":{"line":72,"column":5}},"line":69},"5":{"name":"(anonymous_5)","decl":{"start":{"line":74,"column":4},"end":{"line":74,"column":5}},"loc":{"start":{"line":74,"column":18},"end":{"line":77,"column":5}},"line":74},"6":{"name":"(anonymous_6)","decl":{"start":{"line":79,"column":4},"end":{"line":79,"column":5}},"loc":{"start":{"line":79,"column":18},"end":{"line":82,"column":5}},"line":79},"7":{"name":"(anonymous_7)","decl":{"start":{"line":84,"column":4},"end":{"line":84,"column":5}},"loc":{"start":{"line":84,"column":14},"end":{"line":87,"column":5}},"line":84}},"branchMap":{"0":{"loc":{"start":{"line":11,"column":8},"end":{"line":13,"column":9}},"type":"if","locations":[{"start":{"line":11,"column":8},"end":{"line":13,"column":9}},{"start":{"line":11,"column":8},"end":{"line":13,"column":9}}],"line":11},"1":{"loc":{"start":{"line":15,"column":29},"end":{"line":15,"column":58}},"type":"binary-expr","locations":[{"start":{"line":15,"column":29},"end":{"line":15,"column":52}},{"start":{"line":15,"column":56},"end":{"line":15,"column":58}}],"line":15}},"s":{"0":1,"1":1,"2":1,"3":1,"4":1,"5":1,"6":0,"7":1,"8":1,"9":1,"10":1,"11":1,"12":1,"13":1,"14":1},"f":{"0":1,"1":1,"2":1,"3":1,"4":1,"5":1,"6":1,"7":1},"b":{"0":[0,1],"1":[1,0]},"_coverageSchema":"1a1c01bbd47fc00a2c39e90264f33305004495a9","hash":"89f3461fcfc988f01be244c6e74e921e43694ba8","contentHash":"0dabb9e302da5f38b54f5f5ef8d81fa86e3c4b66222c8e04606f8c23220d1a48"},"/Users/daniel/workspace/jhipster-quarkus/generators/server/index.js":{"path":"/Users/daniel/workspace/jhipster-quarkus/generators/server/index.js","statementMap":{"0":{"start":{"line":2,"column":14},"end":{"line":2,"column":30}},"1":{"start":{"line":3,"column":11},"end":{"line":3,"column":24}},"2":{"start":{"line":4,"column":24},"end":{"line":4,"column":71}},"3":{"start":{"line":5,"column":27},"end":{"line":5,"column":47}},"4":{"start":{"line":6,"column":19},"end":{"line":6,"column":48}},"5":{"start":{"line":8,"column":0},"end":{"line":108,"column":2}},"6":{"start":{"line":10,"column":8},"end":{"line":10,"column":54}},"7":{"start":{"line":12,"column":27},"end":{"line":12,"column":78}},"8":{"start":{"line":14,"column":8},"end":{"line":16,"column":9}},"9":{"start":{"line":15,"column":12},"end":{"line":15,"column":132}},"10":{"start":{"line":18,"column":8},"end":{"line":18,"column":59}},"11":{"start":{"line":21,"column":8},"end":{"line":21,"column":54}},"12":{"start":{"line":62,"column":8},"end":{"line":62,"column":37}},"13":{"start":{"line":66,"column":34},"end":{"line":66,"column":52}},"14":{"start":{"line":67,"column":8},"end":{"line":67,"column":89}},"15":{"start":{"line":69,"column":8},"end":{"line":69,"column":33}},"16":{"start":{"line":74,"column":8},"end":{"line":74,"column":36}},"17":{"start":{"line":79,"column":8},"end":{"line":79,"column":32}},"18":{"start":{"line":83,"column":8},"end":{"line":83,"column":28}},"19":{"start":{"line":88,"column":8},"end":{"line":88,"column":32}},"20":{"start":{"line":92,"column":8},"end":{"line":106,"column":10}},"21":{"start":{"line":94,"column":16},"end":{"line":94,"column":93}},"22":{"start":{"line":96,"column":33},"end":{"line":96,"column":39}},"23":{"start":{"line":97,"column":16},"end":{"line":99,"column":17}},"24":{"start":{"line":98,"column":20},"end":{"line":98,"column":43}},"25":{"start":{"line":100,"column":36},"end":{"line":100,"column":38}},"26":{"start":{"line":101,"column":16},"end":{"line":103,"column":17}},"27":{"start":{"line":102,"column":20},"end":{"line":102,"column":106}},"28":{"start":{"line":104,"column":16},"end":{"line":104,"column":128}}},"fnMap":{"0":{"name":"(anonymous_0)","decl":{"start":{"line":9,"column":4},"end":{"line":9,"column":5}},"loc":{"start":{"line":9,"column":28},"end":{"line":22,"column":5}},"line":9},"1":{"name":"(anonymous_1)","decl":{"start":{"line":24,"column":4},"end":{"line":24,"column":5}},"loc":{"start":{"line":24,"column":23},"end":{"line":63,"column":5}},"line":24},"2":{"name":"(anonymous_2)","decl":{"start":{"line":65,"column":4},"end":{"line":65,"column":5}},"loc":{"start":{"line":65,"column":20},"end":{"line":70,"column":5}},"line":65},"3":{"name":"(anonymous_3)","decl":{"start":{"line":72,"column":4},"end":{"line":72,"column":5}},"loc":{"start":{"line":72,"column":22},"end":{"line":75,"column":5}},"line":72},"4":{"name":"(anonymous_4)","decl":{"start":{"line":77,"column":4},"end":{"line":77,"column":5}},"loc":{"start":{"line":77,"column":18},"end":{"line":80,"column":5}},"line":77},"5":{"name":"(anonymous_5)","decl":{"start":{"line":82,"column":4},"end":{"line":82,"column":5}},"loc":{"start":{"line":82,"column":18},"end":{"line":84,"column":5}},"line":82},"6":{"name":"(anonymous_6)","decl":{"start":{"line":86,"column":4},"end":{"line":86,"column":5}},"loc":{"start":{"line":86,"column":18},"end":{"line":89,"column":5}},"line":86},"7":{"name":"(anonymous_7)","decl":{"start":{"line":91,"column":4},"end":{"line":91,"column":5}},"loc":{"start":{"line":91,"column":14},"end":{"line":107,"column":5}},"line":91},"8":{"name":"(anonymous_8)","decl":{"start":{"line":93,"column":12},"end":{"line":93,"column":13}},"loc":{"start":{"line":93,"column":18},"end":{"line":105,"column":13}},"line":93}},"branchMap":{"0":{"loc":{"start":{"line":14,"column":8},"end":{"line":16,"column":9}},"type":"if","locations":[{"start":{"line":14,"column":8},"end":{"line":16,"column":9}},{"start":{"line":14,"column":8},"end":{"line":16,"column":9}}],"line":14},"1":{"loc":{"start":{"line":18,"column":29},"end":{"line":18,"column":58}},"type":"binary-expr","locations":[{"start":{"line":18,"column":29},"end":{"line":18,"column":52}},{"start":{"line":18,"column":56},"end":{"line":18,"column":58}}],"line":18},"2":{"loc":{"start":{"line":97,"column":16},"end":{"line":99,"column":17}},"type":"if","locations":[{"start":{"line":97,"column":16},"end":{"line":99,"column":17}},{"start":{"line":97,"column":16},"end":{"line":99,"column":17}}],"line":97},"3":{"loc":{"start":{"line":101,"column":16},"end":{"line":103,"column":17}},"type":"if","locations":[{"start":{"line":101,"column":16},"end":{"line":103,"column":17}},{"start":{"line":101,"column":16},"end":{"line":103,"column":17}}],"line":101}},"s":{"0":1,"1":1,"2":1,"3":1,"4":1,"5":1,"6":1,"7":1,"8":1,"9":0,"10":1,"11":1,"12":1,"13":1,"14":1,"15":1,"16":1,"17":1,"18":1,"19":1,"20":1,"21":1,"22":1,"23":1,"24":0,"25":1,"26":1,"27":0,"28":1},"f":{"0":1,"1":1,"2":1,"3":1,"4":1,"5":1,"6":1,"7":1,"8":1},"b":{"0":[0,1],"1":[1,0],"2":[0,1],"3":[0,1]},"_coverageSchema":"1a1c01bbd47fc00a2c39e90264f33305004495a9","hash":"dede1baac92b092260c090cfcefeab955018cfa8","contentHash":"75e1282d81f263874c1bba954d565b644d91fde89d9497ce06c6682886d4b3ff"},"/Users/daniel/workspace/jhipster-quarkus/generators/server/prompts.js":{"path":"/Users/daniel/workspace/jhipster-quarkus/generators/server/prompts.js","statementMap":{"0":{"start":{"line":4,"column":14},"end":{"line":4,"column":30}},"1":{"start":{"line":6,"column":18},"end":{"line":6,"column":78}},"2":{"start":{"line":7,"column":42},"end":{"line":7,"column":88}},"3":{"start":{"line":9,"column":0},"end":{"line":11,"column":2}},"4":{"start":{"line":14,"column":4},"end":{"line":14,"column":46}},"5":{"start":{"line":14,"column":39},"end":{"line":14,"column":46}},"6":{"start":{"line":16,"column":28},"end":{"line":16,"column":48}},"7":{"start":{"line":17,"column":21},"end":{"line":17,"column":34}},"8":{"start":{"line":18,"column":22},"end":{"line":18,"column":69}},"9":{"start":{"line":19,"column":4},"end":{"line":21,"column":5}},"10":{"start":{"line":20,"column":8},"end":{"line":20,"column":29}},"11":{"start":{"line":22,"column":20},"end":{"line":273,"column":5}},"12":{"start":{"line":24,"column":30},"end":{"line":24,"column":126}},"13":{"start":{"line":27,"column":32},"end":{"line":27,"column":100}},"14":{"start":{"line":36,"column":16},"end":{"line":38,"column":92}},"15":{"start":{"line":44,"column":30},"end":{"line":44,"column":126}},"16":{"start":{"line":121,"column":16},"end":{"line":121,"column":126}},"17":{"start":{"line":127,"column":35},"end":{"line":127,"column":60}},"18":{"start":{"line":129,"column":16},"end":{"line":131,"column":17}},"19":{"start":{"line":130,"column":20},"end":{"line":130,"column":32}},"20":{"start":{"line":132,"column":16},"end":{"line":132,"column":87}},"21":{"start":{"line":140,"column":29},"end":{"line":140,"column":31}},"22":{"start":{"line":141,"column":16},"end":{"line":151,"column":17}},"23":{"start":{"line":142,"column":20},"end":{"line":145,"column":23}},"24":{"start":{"line":147,"column":20},"end":{"line":150,"column":23}},"25":{"start":{"line":172,"column":16},"end":{"line":177,"column":17}},"26":{"start":{"line":173,"column":20},"end":{"line":176,"column":23}},"27":{"start":{"line":178,"column":16},"end":{"line":178,"column":28}},"28":{"start":{"line":183,"column":30},"end":{"line":183,"column":61}},"29":{"start":{"line":191,"column":30},"end":{"line":191,"column":61}},"30":{"start":{"line":196,"column":16},"end":{"line":205,"column":101}},"31":{"start":{"line":205,"column":61},"end":{"line":205,"column":99}},"32":{"start":{"line":209,"column":24},"end":{"line":209,"column":33}},"33":{"start":{"line":249,"column":16},"end":{"line":251,"column":25}},"34":{"start":{"line":275,"column":4},"end":{"line":275,"column":29}},"35":{"start":{"line":275,"column":14},"end":{"line":275,"column":29}},"36":{"start":{"line":277,"column":17},"end":{"line":277,"column":29}},"37":{"start":{"line":279,"column":4},"end":{"line":338,"column":7}},"38":{"start":{"line":280,"column":8},"end":{"line":280,"column":63}},"39":{"start":{"line":283,"column":8},"end":{"line":283,"column":40}},"40":{"start":{"line":294,"column":8},"end":{"line":296,"column":9}},"41":{"start":{"line":295,"column":12},"end":{"line":295,"column":48}},"42":{"start":{"line":298,"column":8},"end":{"line":300,"column":9}},"43":{"start":{"line":299,"column":12},"end":{"line":299,"column":58}},"44":{"start":{"line":303,"column":8},"end":{"line":305,"column":9}},"45":{"start":{"line":304,"column":12},"end":{"line":304,"column":43}},"46":{"start":{"line":307,"column":8},"end":{"line":309,"column":9}},"47":{"start":{"line":308,"column":12},"end":{"line":308,"column":44}},"48":{"start":{"line":311,"column":8},"end":{"line":311,"column":45}},"49":{"start":{"line":312,"column":8},"end":{"line":312,"column":43}},"50":{"start":{"line":313,"column":8},"end":{"line":315,"column":9}},"51":{"start":{"line":314,"column":12},"end":{"line":314,"column":37}},"52":{"start":{"line":316,"column":8},"end":{"line":316,"column":68}},"53":{"start":{"line":317,"column":8},"end":{"line":317,"column":63}},"54":{"start":{"line":318,"column":8},"end":{"line":318,"column":47}},"55":{"start":{"line":319,"column":8},"end":{"line":319,"column":53}},"56":{"start":{"line":320,"column":8},"end":{"line":320,"column":55}},"57":{"start":{"line":321,"column":8},"end":{"line":321,"column":47}},"58":{"start":{"line":322,"column":8},"end":{"line":322,"column":41}},"59":{"start":{"line":323,"column":8},"end":{"line":323,"column":74}},"60":{"start":{"line":325,"column":8},"end":{"line":336,"column":9}},"61":{"start":{"line":326,"column":12},"end":{"line":326,"column":40}},"62":{"start":{"line":327,"column":12},"end":{"line":327,"column":41}},"63":{"start":{"line":328,"column":12},"end":{"line":328,"column":46}},"64":{"start":{"line":329,"column":12},"end":{"line":331,"column":13}},"65":{"start":{"line":330,"column":16},"end":{"line":330,"column":47}},"66":{"start":{"line":332,"column":15},"end":{"line":336,"column":9}},"67":{"start":{"line":333,"column":12},"end":{"line":333,"column":53}},"68":{"start":{"line":334,"column":12},"end":{"line":334,"column":54}},"69":{"start":{"line":335,"column":12},"end":{"line":335,"column":46}},"70":{"start":{"line":337,"column":8},"end":{"line":337,"column":15}}},"fnMap":{"0":{"name":"askForServerSideOpts","decl":{"start":{"line":13,"column":9},"end":{"line":13,"column":29}},"loc":{"start":{"line":13,"column":36},"end":{"line":339,"column":1}},"line":13},"1":{"name":"(anonymous_1)","decl":{"start":{"line":24,"column":18},"end":{"line":24,"column":19}},"loc":{"start":{"line":24,"column":30},"end":{"line":24,"column":126}},"line":24},"2":{"name":"(anonymous_2)","decl":{"start":{"line":27,"column":22},"end":{"line":27,"column":23}},"loc":{"start":{"line":27,"column":32},"end":{"line":27,"column":100}},"line":27},"3":{"name":"(anonymous_3)","decl":{"start":{"line":35,"column":22},"end":{"line":35,"column":23}},"loc":{"start":{"line":36,"column":16},"end":{"line":38,"column":92}},"line":36},"4":{"name":"(anonymous_4)","decl":{"start":{"line":44,"column":18},"end":{"line":44,"column":19}},"loc":{"start":{"line":44,"column":30},"end":{"line":44,"column":126}},"line":44},"5":{"name":"(anonymous_5)","decl":{"start":{"line":120,"column":18},"end":{"line":120,"column":19}},"loc":{"start":{"line":121,"column":16},"end":{"line":121,"column":126}},"line":121},"6":{"name":"(anonymous_6)","decl":{"start":{"line":126,"column":22},"end":{"line":126,"column":23}},"loc":{"start":{"line":126,"column":31},"end":{"line":133,"column":13}},"line":126},"7":{"name":"(anonymous_7)","decl":{"start":{"line":139,"column":21},"end":{"line":139,"column":22}},"loc":{"start":{"line":139,"column":33},"end":{"line":179,"column":13}},"line":139},"8":{"name":"(anonymous_8)","decl":{"start":{"line":183,"column":18},"end":{"line":183,"column":19}},"loc":{"start":{"line":183,"column":30},"end":{"line":183,"column":61}},"line":183},"9":{"name":"(anonymous_9)","decl":{"start":{"line":191,"column":18},"end":{"line":191,"column":19}},"loc":{"start":{"line":191,"column":30},"end":{"line":191,"column":61}},"line":191},"10":{"name":"(anonymous_10)","decl":{"start":{"line":195,"column":21},"end":{"line":195,"column":22}},"loc":{"start":{"line":196,"column":16},"end":{"line":205,"column":101}},"line":196},"11":{"name":"(anonymous_11)","decl":{"start":{"line":205,"column":55},"end":{"line":205,"column":56}},"loc":{"start":{"line":205,"column":61},"end":{"line":205,"column":99}},"line":205},"12":{"name":"(anonymous_12)","decl":{"start":{"line":209,"column":18},"end":{"line":209,"column":19}},"loc":{"start":{"line":209,"column":24},"end":{"line":209,"column":33}},"line":209},"13":{"name":"(anonymous_13)","decl":{"start":{"line":248,"column":18},"end":{"line":248,"column":19}},"loc":{"start":{"line":249,"column":16},"end":{"line":251,"column":25}},"line":249},"14":{"name":"(anonymous_14)","decl":{"start":{"line":279,"column":30},"end":{"line":279,"column":31}},"loc":{"start":{"line":279,"column":39},"end":{"line":338,"column":5}},"line":279}},"branchMap":{"0":{"loc":{"start":{"line":14,"column":4},"end":{"line":14,"column":46}},"type":"if","locations":[{"start":{"line":14,"column":4},"end":{"line":14,"column":46}},{"start":{"line":14,"column":4},"end":{"line":14,"column":46}}],"line":14},"1":{"loc":{"start":{"line":14,"column":8},"end":{"line":14,"column":37}},"type":"binary-expr","locations":[{"start":{"line":14,"column":8},"end":{"line":14,"column":13}},{"start":{"line":14,"column":17},"end":{"line":14,"column":37}}],"line":14},"2":{"loc":{"start":{"line":18,"column":22},"end":{"line":18,"column":69}},"type":"cond-expr","locations":[{"start":{"line":18,"column":54},"end":{"line":18,"column":60}},{"start":{"line":18,"column":63},"end":{"line":18,"column":69}}],"line":18},"3":{"loc":{"start":{"line":19,"column":4},"end":{"line":21,"column":5}},"type":"if","locations":[{"start":{"line":19,"column":4},"end":{"line":21,"column":5}},{"start":{"line":19,"column":4},"end":{"line":21,"column":5}}],"line":19},"4":{"loc":{"start":{"line":24,"column":30},"end":{"line":24,"column":126}},"type":"binary-expr","locations":[{"start":{"line":24,"column":30},"end":{"line":24,"column":59}},{"start":{"line":24,"column":63},"end":{"line":24,"column":97}},{"start":{"line":24,"column":101},"end":{"line":24,"column":126}}],"line":24},"5":{"loc":{"start":{"line":27,"column":32},"end":{"line":27,"column":100}},"type":"cond-expr","locations":[{"start":{"line":27,"column":59},"end":{"line":27,"column":63}},{"start":{"line":27,"column":66},"end":{"line":27,"column":100}}],"line":27},"6":{"loc":{"start":{"line":36,"column":16},"end":{"line":38,"column":92}},"type":"cond-expr","locations":[{"start":{"line":37,"column":22},"end":{"line":37,"column":26}},{"start":{"line":38,"column":22},"end":{"line":38,"column":92}}],"line":36},"7":{"loc":{"start":{"line":44,"column":30},"end":{"line":44,"column":126}},"type":"binary-expr","locations":[{"start":{"line":44,"column":30},"end":{"line":44,"column":59}},{"start":{"line":44,"column":63},"end":{"line":44,"column":97}},{"start":{"line":44,"column":101},"end":{"line":44,"column":126}}],"line":44},"8":{"loc":{"start":{"line":121,"column":16},"end":{"line":121,"column":126}},"type":"binary-expr","locations":[{"start":{"line":121,"column":17},"end":{"line":121,"column":46}},{"start":{"line":121,"column":50},"end":{"line":121,"column":84}},{"start":{"line":121,"column":89},"end":{"line":121,"column":126}}],"line":121},"9":{"loc":{"start":{"line":129,"column":16},"end":{"line":131,"column":17}},"type":"if","locations":[{"start":{"line":129,"column":16},"end":{"line":131,"column":17}},{"start":{"line":129,"column":16},"end":{"line":131,"column":17}}],"line":129},"10":{"loc":{"start":{"line":129,"column":20},"end":{"line":129,"column":93}},"type":"binary-expr","locations":[{"start":{"line":129,"column":20},"end":{"line":129,"column":30}},{"start":{"line":129,"column":34},"end":{"line":129,"column":53}},{"start":{"line":129,"column":57},"end":{"line":129,"column":93}}],"line":129},"11":{"loc":{"start":{"line":141,"column":16},"end":{"line":151,"column":17}},"type":"if","locations":[{"start":{"line":141,"column":16},"end":{"line":151,"column":17}},{"start":{"line":141,"column":16},"end":{"line":151,"column":17}}],"line":141},"12":{"loc":{"start":{"line":172,"column":16},"end":{"line":177,"column":17}},"type":"if","locations":[{"start":{"line":172,"column":16},"end":{"line":177,"column":17}},{"start":{"line":172,"column":16},"end":{"line":177,"column":17}}],"line":172},"13":{"loc":{"start":{"line":187,"column":21},"end":{"line":187,"column":85}},"type":"cond-expr","locations":[{"start":{"line":187,"column":32},"end":{"line":187,"column":58}},{"start":{"line":187,"column":61},"end":{"line":187,"column":85}}],"line":187},"14":{"loc":{"start":{"line":245,"column":21},"end":{"line":245,"column":92}},"type":"cond-expr","locations":[{"start":{"line":245,"column":87},"end":{"line":245,"column":88}},{"start":{"line":245,"column":91},"end":{"line":245,"column":92}}],"line":245},"15":{"loc":{"start":{"line":245,"column":21},"end":{"line":245,"column":84}},"type":"binary-expr","locations":[{"start":{"line":245,"column":21},"end":{"line":245,"column":55}},{"start":{"line":245,"column":59},"end":{"line":245,"column":84}}],"line":245},"16":{"loc":{"start":{"line":249,"column":16},"end":{"line":251,"column":25}},"type":"binary-expr","locations":[{"start":{"line":249,"column":18},"end":{"line":249,"column":49}},{"start":{"line":249,"column":53},"end":{"line":249,"column":91}},{"start":{"line":249,"column":96},"end":{"line":249,"column":125}},{"start":{"line":250,"column":16},"end":{"line":250,"column":47}},{"start":{"line":251,"column":16},"end":{"line":251,"column":25}}],"line":249},"17":{"loc":{"start":{"line":275,"column":4},"end":{"line":275,"column":29}},"type":"if","locations":[{"start":{"line":275,"column":4},"end":{"line":275,"column":29}},{"start":{"line":275,"column":4},"end":{"line":275,"column":29}}],"line":275},"18":{"loc":{"start":{"line":294,"column":8},"end":{"line":296,"column":9}},"type":"if","locations":[{"start":{"line":294,"column":8},"end":{"line":296,"column":9}},{"start":{"line":294,"column":8},"end":{"line":296,"column":9}}],"line":294},"19":{"loc":{"start":{"line":298,"column":8},"end":{"line":300,"column":9}},"type":"if","locations":[{"start":{"line":298,"column":8},"end":{"line":300,"column":9}},{"start":{"line":298,"column":8},"end":{"line":300,"column":9}}],"line":298},"20":{"loc":{"start":{"line":298,"column":12},"end":{"line":298,"column":88}},"type":"binary-expr","locations":[{"start":{"line":298,"column":12},"end":{"line":298,"column":45}},{"start":{"line":298,"column":49},"end":{"line":298,"column":88}}],"line":298},"21":{"loc":{"start":{"line":303,"column":8},"end":{"line":305,"column":9}},"type":"if","locations":[{"start":{"line":303,"column":8},"end":{"line":305,"column":9}},{"start":{"line":303,"column":8},"end":{"line":305,"column":9}}],"line":303},"22":{"loc":{"start":{"line":303,"column":12},"end":{"line":303,"column":125}},"type":"binary-expr","locations":[{"start":{"line":303,"column":13},"end":{"line":303,"column":47}},{"start":{"line":303,"column":51},"end":{"line":303,"column":84}},{"start":{"line":303,"column":89},"end":{"line":303,"column":125}}],"line":303},"23":{"loc":{"start":{"line":307,"column":8},"end":{"line":309,"column":9}},"type":"if","locations":[{"start":{"line":307,"column":8},"end":{"line":309,"column":9}},{"start":{"line":307,"column":8},"end":{"line":309,"column":9}}],"line":307},"24":{"loc":{"start":{"line":313,"column":8},"end":{"line":315,"column":9}},"type":"if","locations":[{"start":{"line":313,"column":8},"end":{"line":315,"column":9}},{"start":{"line":313,"column":8},"end":{"line":315,"column":9}}],"line":313},"25":{"loc":{"start":{"line":316,"column":29},"end":{"line":316,"column":67}},"type":"cond-expr","locations":[{"start":{"line":316,"column":41},"end":{"line":316,"column":60}},{"start":{"line":316,"column":63},"end":{"line":316,"column":67}}],"line":316},"26":{"loc":{"start":{"line":325,"column":8},"end":{"line":336,"column":9}},"type":"if","locations":[{"start":{"line":325,"column":8},"end":{"line":336,"column":9}},{"start":{"line":325,"column":8},"end":{"line":336,"column":9}}],"line":325},"27":{"loc":{"start":{"line":329,"column":12},"end":{"line":331,"column":13}},"type":"if","locations":[{"start":{"line":329,"column":12},"end":{"line":331,"column":13}},{"start":{"line":329,"column":12},"end":{"line":331,"column":13}}],"line":329},"28":{"loc":{"start":{"line":332,"column":15},"end":{"line":336,"column":9}},"type":"if","locations":[{"start":{"line":332,"column":15},"end":{"line":336,"column":9}},{"start":{"line":332,"column":15},"end":{"line":336,"column":9}}],"line":332}},"s":{"0":1,"1":1,"2":1,"3":1,"4":1,"5":0,"6":1,"7":1,"8":1,"9":1,"10":0,"11":1,"12":1,"13":0,"14":0,"15":1,"16":1,"17":0,"18":0,"19":0,"20":0,"21":1,"22":1,"23":1,"24":0,"25":1,"26":1,"27":1,"28":1,"29":1,"30":1,"31":1,"32":1,"33":1,"34":1,"35":0,"36":1,"37":1,"38":1,"39":1,"40":1,"41":0,"42":1,"43":1,"44":1,"45":0,"46":1,"47":0,"48":1,"49":1,"50":1,"51":1,"52":1,"53":1,"54":1,"55":1,"56":1,"57":1,"58":1,"59":1,"60":1,"61":0,"62":0,"63":0,"64":0,"65":0,"66":1,"67":0,"68":0,"69":0,"70":1},"f":{"0":1,"1":1,"2":0,"3":0,"4":1,"5":1,"6":0,"7":1,"8":1,"9":1,"10":1,"11":1,"12":1,"13":1,"14":1},"b":{"0":[0,1],"1":[1,1],"2":[0,1],"3":[0,1],"4":[1,1,1],"5":[0,0],"6":[0,0],"7":[1,1,1],"8":[1,1,0],"9":[0,0],"10":[0,0,0],"11":[1,0],"12":[1,0],"13":[0,1],"14":[0,1],"15":[1,1],"16":[1,1,0,1,1],"17":[0,1],"18":[0,1],"19":[1,0],"20":[1,0],"21":[0,1],"22":[1,0,1],"23":[0,1],"24":[1,0],"25":[1,0],"26":[0,1],"27":[0,0],"28":[0,1]},"_coverageSchema":"1a1c01bbd47fc00a2c39e90264f33305004495a9","hash":"b91ad2c5c9b30be9220233d441617ca0b8ef54df","contentHash":"23681321741782ebef1ac4535e2713fce468d8e8fb1f567d6c3ae167b96ae967"},"/Users/daniel/workspace/jhipster-quarkus/generators/server/files.js":{"path":"/Users/daniel/workspace/jhipster-quarkus/generators/server/files.js","statementMap":{"0":{"start":{"line":19,"column":15},"end":{"line":19,"column":32}},"1":{"start":{"line":20,"column":16},"end":{"line":20,"column":64}},"2":{"start":{"line":21,"column":18},"end":{"line":21,"column":78}},"3":{"start":{"line":24,"column":26},"end":{"line":24,"column":53}},"4":{"start":{"line":25,"column":19},"end":{"line":25,"column":39}},"5":{"start":{"line":27,"column":28},"end":{"line":27,"column":57}},"6":{"start":{"line":28,"column":28},"end":{"line":28,"column":57}},"7":{"start":{"line":29,"column":28},"end":{"line":29,"column":57}},"8":{"start":{"line":30,"column":28},"end":{"line":30,"column":57}},"9":{"start":{"line":32,"column":20},"end":{"line":308,"column":1}},"10":{"start":{"line":68,"column":43},"end":{"line":68,"column":79}},"11":{"start":{"line":72,"column":43},"end":{"line":72,"column":84}},"12":{"start":{"line":76,"column":43},"end":{"line":76,"column":79}},"13":{"start":{"line":87,"column":43},"end":{"line":87,"column":86}},"14":{"start":{"line":91,"column":43},"end":{"line":91,"column":95}},"15":{"start":{"line":95,"column":43},"end":{"line":95,"column":95}},"16":{"start":{"line":106,"column":43},"end":{"line":106,"column":86}},"17":{"start":{"line":110,"column":43},"end":{"line":110,"column":81}},"18":{"start":{"line":119,"column":43},"end":{"line":119,"column":91}},"19":{"start":{"line":123,"column":43},"end":{"line":123,"column":86}},"20":{"start":{"line":134,"column":43},"end":{"line":134,"column":96}},"21":{"start":{"line":138,"column":43},"end":{"line":138,"column":99}},"22":{"start":{"line":142,"column":43},"end":{"line":142,"column":99}},"23":{"start":{"line":146,"column":43},"end":{"line":146,"column":89}},"24":{"start":{"line":150,"column":43},"end":{"line":150,"column":104}},"25":{"start":{"line":154,"column":43},"end":{"line":154,"column":104}},"26":{"start":{"line":165,"column":43},"end":{"line":165,"column":95}},"27":{"start":{"line":169,"column":43},"end":{"line":169,"column":99}},"28":{"start":{"line":173,"column":43},"end":{"line":173,"column":89}},"29":{"start":{"line":177,"column":43},"end":{"line":177,"column":99}},"30":{"start":{"line":181,"column":43},"end":{"line":181,"column":103}},"31":{"start":{"line":185,"column":43},"end":{"line":185,"column":102}},"32":{"start":{"line":189,"column":43},"end":{"line":189,"column":89}},"33":{"start":{"line":193,"column
[...]
e":268,"column":96}},"48":{"start":{"line":272,"column":43},"end":{"line":272,"column":91}},"49":{"start":{"line":276,"column":43},"end":{"line":276,"column":89}},"50":{"start":{"line":280,"column":43},"end":{"line":280,"column":91}},"51":{"start":{"line":289,"column":43},"end":{"line":289,"column":98}},"52":{"start":{"line":293,"column":43},"end":{"line":293,"column":100}},"53":{"start":{"line":297,"column":43},"end":{"line":297,"column":95}},"54":{"start":{"line":310,"column":32},"end":{"line":343,"column":1}},"55":{"start":{"line":313,"column":36},"end":{"line":313,"column":68}},"56":{"start":{"line":318,"column":36},"end":{"line":318,"column":98}},"57":{"start":{"line":328,"column":16},"end":{"line":329,"column":83}},"58":{"start":{"line":335,"column":16},"end":{"line":338,"column":83}},"59":{"start":{"line":346,"column":4},"end":{"line":370,"column":6}},"60":{"start":{"line":348,"column":12},"end":{"line":348,"column":52}},"61":{"start":{"line":349,"column":12},"end":{"line":349,"column":52}},"62":{"start":{"line":352,"column":12},"end":{"line":352,"column":40}},"63":{"start":{"line":353,"column":12},"end":{"line":353,"column":61}},"64":{"start":{"line":357,"column":12},"end":{"line":363,"column":14}},"65":{"start":{"line":367,"column":12},"end":{"line":367,"column":71}},"66":{"start":{"line":368,"column":12},"end":{"line":368,"column":125}},"67":{"start":{"line":373,"column":0},"end":{"line":376,"column":2}}},"fnMap":{"0":{"name":"(anonymous_0)","decl":{"start":{"line":68,"column":30},"end":{"line":68,"column":31}},"loc":{"start":{"line":68,"column":43},"end":{"line":68,"column":79}},"line":68},"1":{"name":"(anonymous_1)","decl":{"start":{"line":72,"column":30},"end":{"line":72,"column":31}},"loc":{"start":{"line":72,"column":43},"end":{"line":72,"column":84}},"line":72},"2":{"name":"(anonymous_2)","decl":{"start":{"line":76,"column":30},"end":{"line":76,"column":31}},"loc":{"start":{"line":76,"column":43},"end":{"line":76,"column":79}},"line":76},"3":{"name":"(anonymous_3)","decl":{"start":{"line":87,"column":30},"end":{"line":87,"column":31}},"loc":{"start":{"line":87,"column":43},"end":{"line":87,"column":86}},"line":87},"4":{"name":"(anonymous_4)","decl":{"start":{"line":91,"column":30},"end":{"line":91,"column":31}},"loc":{"start":{"line":91,"column":43},"end":{"line":91,"column":95}},"line":91},"5":{"name":"(anonymous_5)","decl":{"start":{"line":95,"column":30},"end":{"line":95,"column":31}},"loc":{"start":{"line":95,"column":43},"end":{"line":95,"column":95}},"line":95},"6":{"name":"(anonymous_6)","decl":{"start":{"line":106,"column":30},"end":{"line":106,"column":31}},"loc":{"start":{"line":106,"column":43},"end":{"line":106,"column":86}},"line":106},"7":{"name":"(anonymous_7)","decl":{"start":{"line":110,"column":30},"end":{"line":110,"column":31}},"loc":{"start":{"line":110,"column":43},"end":{"line":110,"column":81}},"line":110},"8":{"name":"(anonymous_8)","decl":{"start":{"line":119,"column":30},"end":{"line":119,"column":31}},"loc":{"start":{"line":119,"column":43},"end":{"line":119,"column":91}},"line":119},"9":{"name":"(anonymous_9)","decl":{"start":{"line":123,"column":30},"end":{"line":123,"column":31}},"loc":{"start":{"line":123,"column":43},"end":{"line":123,"column":86}},"line":123},"10":{"name":"(anonymous_10)","decl":{"start":{"line":134,"column":30},"end":{"line":134,"column":31}},"loc":{"start":{"line":134,"column":43},"end":{"line":134,"column":96}},"line":134},"11":{"name":"(anonymous_11)","decl":{"start":{"line":138,"column":30},"end":{"line":138,"column":31}},"loc":{"start":{"line":138,"column":43},"end":{"line":138,"column":99}},"line":138},"12":{"name":"(anonymous_12)","decl":{"start":{"line":142,"column":30},"end":{"line":142,"column":31}},"loc":{"start":{"line":142,"column":43},"end":{"line":142,"column":99}},"line":142},"13":{"name":"(anonymous_13)","decl":{"start":{"line":146,"column":30},"end":{"line":146,"column":31}},"loc":{"start":{"line":146,"column":43},"end":{"line":146,"column":89}},"line":146},"14":{"name":"(anonymous_14)","decl":{"start":{"line":150,"column":30},"end":{"line":150,"column":31}},"loc":{"start":{"line":150,"column":43},"end":{"line":150,"column":104}},"line":150},"15":{"name":"(anonymous_15)","decl":{"start":{"line":154,"column":30},"end":{"line":154,"column":31}},"loc":{"start":{"line":154,"column":43},"end":{"line":154,"column":104}},"line":154},"16":{"name":"(anonymous_16)","decl":{"start":{"line":165,"column":30},"end":{"line":165,"column":31}},"loc":{"start":{"line":165,"column":43},"end":{"line":165,"column":95}},"line":165},"17":{"name":"(anonymous_17)","decl":{"start":{"line":169,"column":30},"end":{"line":169,"column":31}},"loc":{"start":{"line":169,"column":43},"end":{"line":169,"column":99}},"line":169},"18":{"name":"(anonymous_18)","decl":{"start":{"line":173,"column":30},"end":{"line":173,"column":31}},"loc":{"start":{"line":173,"column":43},"end":{"line":173,"column":89}},"line":173},"19":{"name":"(anonymous_19)","decl":{"start":{"line":177,"column":30},"end":{"line":177,"column":31}},"loc":{"start":{"line":177,"column":43},"end":{"line":177,"column":99}},"line":177},"20":{"name":"(anonymous_20)","decl":{"start":{"line":181,"column":30},"end":{"line":181,"column":31}},"loc":{"start":{"line":181,"column":43},"end":{"line":181,"column":103}},"line":181},"21":{"name":"(anonymous_21)","decl":{"start":{"line":185,"column":30},"end":{"line":185,"column":31}},"loc":{"start":{"line":185,"column":43},"end":{"line":185,"column":102}},"line":185},"22":{"name":"(anonymous_22)","decl":{"start":{"line":189,"column":30},"end":{"line":189,"column":31}},"loc":{"start":{"line":189,"column":43},"end":{"line":189,"column":89}},"line":189},"23":{"name":"(anonymous_23)","decl":{"start":{"line":193,"column":30},"end":{"line":193,"column":31}},"loc":{"start":{"line":193,"column":43},"end":{"line":193,"column":106}},"line":193},"24":{"name":"(anonymous_24)","decl":{"start":{"line":197,"column":30},"end":{"line":197,"column":31}},"loc":{"start":{"line":197,"column":43},"end":{"line":197,"column":89}},"line":197},"25":{"name":"(anonymous_25)","decl":{"start":{"line":206,"column":30},"end":{"line":206,"column":31}},"loc":{"start":{"line":206,"column":43},"end":{"line":206,"column":100}},"line":206},"26":{"name":"(anonymous_26)","decl":{"start":{"line":210,"column":30},"end":{"line":210,"column":31}},"loc":{"start":{"line":210,"column":43},"end":{"line":210,"column":86}},"line":210},"27":{"name":"(anonymous_27)","decl":{"start":{"line":221,"column":30},"end":{"line":221,"column":31}},"loc":{"start":{"line":221,"column":43},"end":{"line":221,"column":110}},"line":221},"28":{"name":"(anonymous_28)","decl":{"start":{"line":225,"column":30},"end":{"line":225,"column":31}},"loc":{"start":{"line":225,"column":43},"end":{"line":225,"column":111}},"line":225},"29":{"name":"(anonymous_29)","decl":{"start":{"line":229,"column":30},"end":{"line":229,"column":31}},"loc":{"start":{"line":229,"column":43},"end":{"line":229,"column":108}},"line":229},"30":{"name":"(anonymous_30)","decl":{"start":{"line":233,"column":30},"end":{"line":233,"column":31}},"loc":{"start":{"line":233,"column":43},"end":{"line":233,"column":111}},"line":233},"31":{"name":"(anonymous_31)","decl":{"start":{"line":237,"column":30},"end":{"line":237,"column":31}},"loc":{"start":{"line":237,"column":43},"end":{"line":237,"column":115}},"line":237},"32":{"name":"(anonymous_32)","decl":{"start":{"line":248,"column":30},"end":{"line":248,"column":31}},"loc":{"start":{"line":248,"column":43},"end":{"line":248,"column":98}},"line":248},"33":{"name":"(anonymous_33)","decl":{"start":{"line":252,"column":30},"end":{"line":252,"column":31}},"loc":{"start":{"line":252,"column":43},"end":{"line":252,"column":89}},"line":252},"34":{"name":"(anonymous_34)","decl":{"start":{"line":256,"column":30},"end":{"line":256,"column":31}},"loc":{"start":{"line":256,"column":43},"end":{"line":256,"column":95}},"line":256},"35":{"name":"(anonymous_35)","decl":{"start":{"line":260,"column":30},"end":{"line":260,"column":31}},"loc":{"start":{"line":260,"column":43},"end":{"line":260,"column":94}},"line":260},"36":{"name":"(anonymous_36)","decl":{"start":{"line":264,"column":30},"end":{"line":264,"column":31}},"loc":{"start":{"line":264,"column":43},"end":{"line":264,"column":88}},"line":264},"37":{"name":"(anonymous_37)","decl":{"start":{"line":268,"column":30},"end":{"line":268,"column":31}},"loc":{"start":{"line":268,"column":43},"end":{"line":268,"column":96}},"line":268},"38":{"name":"(anonymous_38)","decl":{"start":{"line":272,"column":30},"end":{"line":272,"column":31}},"loc":{"start":{"line":272,"column":43},"end":{"line":272,"column":91}},"line":272},"39":{"name":"(anonymous_39)","decl":{"start":{"line":276,"column":30},"end":{"line":276,"column":31}},"loc":{"start":{"line":276,"column":43},"end":{"line":276,"column":89}},"line":276},"40":{"name":"(anonymous_40)","decl":{"start":{"line":280,"column":30},"end":{"line":280,"column":31}},"loc":{"start":{"line":280,"column":43},"end":{"line":280,"column":91}},"line":280},"41":{"name":"(anonymous_41)","decl":{"start":{"line":289,"column":30},"end":{"line":289,"column":31}},"loc":{"start":{"line":289,"column":43},"end":{"line":289,"column":98}},"line":289},"42":{"name":"(anonymous_42)","decl":{"start":{"line":293,"column":30},"end":{"line":293,"column":31}},"loc":{"start":{"line":293,"column":43},"end":{"line":293,"column":100}},"line":293},"43":{"name":"(anonymous_43)","decl":{"start":{"line":297,"column":30},"end":{"line":297,"column":31}},"loc":{"start":{"line":297,"column":43},"end":{"line":297,"column":95}},"line":297},"44":{"name":"(anonymous_44)","decl":{"start":{"line":313,"column":23},"end":{"line":313,"column":24}},"loc":{"start":{"line":313,"column":36},"end":{"line":313,"column":68}},"line":313},"45":{"name":"(anonymous_45)","decl":{"start":{"line":318,"column":30},"end":{"line":318,"column":31}},"loc":{"start":{"line":318,"column":36},"end":{"line":318,"column":98}},"line":318},"46":{"name":"(anonymous_46)","decl":{"start":{"line":327,"column":23},"end":{"line":327,"column":24}},"loc":{"start":{"line":328,"column":16},"end":{"line":329,"column":83}},"line":328},"47":{"name":"(anonymous_47)","decl":{"start":{"line":334,"column":23},"end":{"line":334,"column":24}},"loc":{"start":{"line":335,"column":16},"end":{"line":338,"column":83}},"line":335},"48":{"name":"writeFiles","decl":{"start":{"line":345,"column":9},"end":{"line":345,"column":19}},"loc":{"start":{"line":345,"column":22},"end":{"line":371,"column":1}},"line":345},"49":{"name":"(anonymous_49)","decl":{"start":{"line":347,"column":8},"end":{"line":347,"column":9}},"loc":{"start":{"line":347,"column":16},"end":{"line":354,"column":9}},"line":347},"50":{"name":"(anonymous_50)","decl":{"start":{"line":356,"column":8},"end":{"line":356,"column":9}},"loc":{"start":{"line":356,"column":32},"end":{"line":364,"column":9}},"line":356},"51":{"name":"(anonymous_51)","decl":{"start":{"line":366,"column":8},"end":{"line":366,"column":9}},"loc":{"start":{"line":366,"column":21},"end":{"line":369,"column":9}},"line":366}},"branchMap":{"0":{"loc":{"start":{"line":328,"column":16},"end":{"line":329,"column":83}},"type":"binary-expr","locations":[{"start":{"line":328,"column":17},"end":{"line":328,"column":58}},{"start":{"line":328,"column":62},"end":{"line":328,"column":106}},{"start":{"line":329,"column":17},"end":{"line":329,"column":46}},{"start":{"line":329,"column":50},"end":{"line":329,"column":82}}],"line":328},"1":{"loc":{"start":{"line":335,"column":16},"end":{"line":338,"column":83}},"type":"binary-expr","locations":[{"start":{"line":335,"column":17},"end":{"line":335,"column":58}},{"start":{"line":336,"column":20},"end":{"line":336,"column":64}},{"start":{"line":337,"column":20},"end":{"line":337,"column":52}},{"start":{"line":338,"column":17},"end":{"line":338,"column":46}},{"start":{"line":338,"column":50},"end":{"line":338,"column":82}}],"line":335}},"s":{"0":1,"1":1,"2":1,"3":1,"4":1,"5":1,"6":1,"7":1,"8":1,"9":1,"10":1,"11":1,"12":1,"13":1,"14":1,"15":1,"16":1,"17":1,"18":1,"19":1,"20":1,"21":1,"22":1,"23":1,"24":1,"25":1,"26":1,"27":1,"28":1,"29":1,"30":1,"31":1,"32":1,"33":1,"34":1,"35":1,"36":1,"37":1,"38":1,"39":1,"40":1,"41":1,"42":1,"43":1,"44":1,"45":1,"46":1,"47":1,"48":1,"49":1,"50":1,"51":1,"52":1,"53":1,"54":1,"55":1,"56":1,"57":1,"58":1,"59":1,"60":1,"61":1,"62":1,"63":1,"64":1,"65":1,"66":1,"67":1},"f":{"0":1,"1":1,"2":1,"3":1,"4":1,"5":1,"6":1,"7":1,"8":1,"9":1,"10":1,"11":1,"12":1,"13":1,"14":1,"15":1,"16":1,"17":1,"18":1,"19":1,"20":1,"21":1,"22":1,"23":1,"24":1,"25":1,"26":1,"27":1,"28":1,"29":1,"30":1,"31":1,"32":1,"33":1,"34":1,"35":1,"36":1,"37":1,"38":1,"39":1,"40":1,"41":1,"42":1,"43":1,"44":1,"45":1,"46":1,"47":1,"48":1,"49":1,"50":1,"51":1},"b":{"0":[1,0,1,1],"1":[1,0,0,1,1]},"_coverageSchema":"1a1c01bbd47fc00a2c39e90264f33305004495a9","hash":"aa18f89e43bdd2da38524615f8041f2ccb076d89","contentHash":"0b8b4c0bcc46bcb668a5fe8d6e6fde5b33f628b344ed69c63e5c1f143982b1e8"},"/Users/daniel/workspace/jhipster-quarkus/generators/spring-controller/index.js":{"path":"/Users/daniel/workspace/jhipster-quarkus/generators/spring-controller/index.js","statementMap":{"0":{"start":{"line":2,"column":14},"end":{"line":2,"column":30}},"1":{"start":{"line":3,"column":34},"end":{"line":3,"column":92}},"2":{"start":{"line":5,"column":0},"end":{"line":88,"column":2}},"3":{"start":{"line":7,"column":8},"end":{"line":7,"column":54}},"4":{"start":{"line":9,"column":27},"end":{"line":9,"column":78}},"5":{"start":{"line":11,"column":8},"end":{"line":13,"column":9}},"6":{"start":{"line":12,"column":12},"end":{"line":12,"column":132}},"7":{"start":{"line":15,"column":8},"end":{"line":15,"column":59}},"8":{"start":{"line":56,"column":8},"end":{"line":56,"column":37}},"9":{"start":{"line":61,"column":8},"end":{"line":61,"column":34}},"10":{"start":{"line":66,"column":8},"end":{"line":66,"column":36}},"11":{"start":{"line":71,"column":8},"end":{"line":71,"column":32}},"12":{"start":{"line":76,"column":8},"end":{"line":76,"column":32}},"13":{"start":{"line":81,"column":8},"end":{"line":81,"column":32}},"14":{"start":{"line":86,"column":8},"end":{"line":86,"column":28}}},"fnMap":{"0":{"name":"(anonymous_0)","decl":{"start":{"line":6,"column":4},"end":{"line":6,"column":5}},"loc":{"start":{"line":6,"column":28},"end":{"line":16,"column":5}},"line":6},"1":{"name":"(anonymous_1)","decl":{"start":{"line":18,"column":4},"end":{"line":18,"column":5}},"loc":{"start":{"line":18,"column":23},"end":{"line":57,"column":5}},"line":18},"2":{"name":"(anonymous_2)","decl":{"start":{"line":59,"column":4},"end":{"line":59,"column":5}},"loc":{"start":{"line":59,"column":20},"end":{"line":62,"column":5}},"line":59},"3":{"name":"(anonymous_3)","decl":{"start":{"line":64,"column":4},"end":{"line":64,"column":5}},"loc":{"start":{"line":64,"column":22},"end":{"line":67,"column":5}},"line":64},"4":{"name":"(anonymous_4)","decl":{"start":{"line":69,"column":4},"end":{"line":69,"column":5}},"loc":{"start":{"line":69,"column":18},"end":{"line":72,"column":5}},"line":69},"5":{"name":"(anonymous_5)","decl":{"start":{"line":74,"column":4},"end":{"line":74,"column":5}},"loc":{"start":{"line":74,"column":18},"end":{"line":77,"column":5}},"line":74},"6":{"name":"(anonymous_6)","decl":{"start":{"line":79,"column":4},"end":{"line":79,"column":5}},"loc":{"start":{"line":79,"column":18},"end":{"line":82,"column":5}},"line":79},"7":{"name":"(anonymous_7)","decl":{"start":{"line":84,"column":4},"end":{"line":84,"column":5}},"loc":{"start":{"line":84,"column":14},"end":{"line":87,"column":5}},"line":84}},"branchMap":{"0":{"loc":{"start":{"line":11,"column":8},"end":{"line":13,"column":9}},"type":"if","locations":[{"start":{"line":11,"column":8},"end":{"line":13,"column":9}},{"start":{"line":11,"column":8},"end":{"line":13,"column":9}}],"line":11},"1":{"loc":{"start":{"line":15,"column":29},"end":{"line":15,"column":58}},"type":"binary-expr","locations":[{"start":{"line":15,"column":29},"end":{"line":15,"column":52}},{"start":{"line":15,"column":56},"end":{"line":15,"column":58}}],"line":15}},"s":{"0":1,"1":1,"2":1,"3":1,"4":1,"5":1,"6":0,"7":1,"8":1,"9":1,"10":1,"11":1,"12":1,"13":1,"14":1},"f":{"0":1,"1":1,"2":1,"3":1,"4":1,"5":1,"6":1,"7":1},"b":{"0":[0,1],"1":[1,0]},"_coverageSchema":"1a1c01bbd47fc00a2c39e90264f33305004495a9","hash":"1d559e7a74d08056d4cdb2f80be3a91e59261420","contentHash":"5bd13656c85ac5a84cb24ab74a96e16fcf51b44a33f431c72df0d0785bd9fbf4"},"/Users/daniel/workspace/jhipster-quarkus/generators/spring-service/index.js":{"path":"/Users/daniel/workspace/jhipster-quarkus/generators/spring-service/index.js","statementMap":{"0":{"start":{"line":2,"column":14},"end":{"line":2,"column":30}},"1":{"start":{"line":3,"column":31},"end":{"line":3,"column":86}},"2":{"start":{"line":5,"column":0},"end":{"line":88,"column":2}},"3":{"start":{"line":7,"column":8},"end":{"line":7,"column":54}},"4":{"start":{"line":9,"column":27},"end":{"line":9,"column":78}},"5":{"start":{"line":11,"column":8},"end":{"line":13,"column":9}},"6":{"start":{"line":12,"column":12},"end":{"line":12,"column":132}},"7":{"start":{"line":15,"column":8},"end":{"line":15,"column":59}},"8":{"start":{"line":56,"column":8},"end":{"line":56,"column":37}},"9":{"start":{"line":61,"column":8},"end":{"line":61,"column":34}},"10":{"start":{"line":66,"column":8},"end":{"line":66,"column":36}},"11":{"start":{"line":71,"column":8},"end":{"line":71,"column":32}},"12":{"start":{"line":76,"column":8},"end":{"line":76,"column":32}},"13":{"start":{"line":81,"column":8},"end":{"line":81,"column":32}},"14":{"start":{"line":86,"column":8},"end":{"line":86,"column":28}}},"fnMap":{"0":{"name":"(anonymous_0)","decl":{"start":{"line":6,"column":4},"end":{"line":6,"column":5}},"loc":{"start":{"line":6,"column":28},"end":{"line":16,"column":5}},"line":6},"1":{"name":"(anonymous_1)","decl":{"start":{"line":18,"column":4},"end":{"line":18,"column":5}},"loc":{"start":{"line":18,"column":23},"end":{"line":57,"column":5}},"line":18},"2":{"name":"(anonymous_2)","decl":{"start":{"line":59,"column":4},"end":{"line":59,"column":5}},"loc":{"start":{"line":59,"column":20},"end":{"line":62,"column":5}},"line":59},"3":{"name":"(anonymous_3)","decl":{"start":{"line":64,"column":4},"end":{"line":64,"column":5}},"loc":{"start":{"line":64,"column":22},"end":{"line":67,"column":5}},"line":64},"4":{"name":"(anonymous_4)","decl":{"start":{"line":69,"column":4},"end":{"line":69,"column":5}},"loc":{"start":{"line":69,"column":18},"end":{"line":72,"column":5}},"line":69},"5":{"name":"(anonymous_5)","decl":{"start":{"line":74,"column":4},"end":{"line":74,"column":5}},"loc":{"start":{"line":74,"column":18},"end":{"line":77,"column":5}},"line":74},"6":{"name":"(anonymous_6)","decl":{"start":{"line":79,"column":4},"end":{"line":79,"column":5}},"loc":{"start":{"line":79,"column":18},"end":{"line":82,"column":5}},"line":79},"7":{"name":"(anonymous_7)","decl":{"start":{"line":84,"column":4},"end":{"line":84,"column":5}},"loc":{"start":{"line":84,"column":14},"end":{"line":87,"column":5}},"line":84}},"branchMap":{"0":{"loc":{"start":{"line":11,"column":8},"end":{"line":13,"column":9}},"type":"if","locations":[{"start":{"line":11,"column":8},"end":{"line":13,"column":9}},{"start":{"line":11,"column":8},"end":{"line":13,"column":9}}],"line":11},"1":{"loc":{"start":{"line":15,"column":29},"end":{"line":15,"column":58}},"type":"binary-expr","locations":[{"start":{"line":15,"column":29},"end":{"line":15,"column":52}},{"start":{"line":15,"column":56},"end":{"line":15,"column":58}}],"line":15}},"s":{"0":1,"1":1,"2":1,"3":1,"4":1,"5":1,"6":0,"7":1,"8":1,"9":1,"10":1,"11":1,"12":1,"13":1,"14":1},"f":{"0":1,"1":1,"2":1,"3":1,"4":1,"5":1,"6":1,"7":1},"b":{"0":[0,1],"1":[1,0]},"_coverageSchema":"1a1c01bbd47fc00a2c39e90264f33305004495a9","hash":"c56861f133af149af0f56798a759c53fcf3d6c4a","contentHash":"da4f470ab51059f4729baa35d6f15caf9610b494be57bbe5e46486b583b23ae9"}}